{"meta": {"format": 3, "version": "7.13.4", "timestamp": "2026-04-20T18:14:38.865794", "branch_coverage": false, "show_contexts": false}, "files": {"zdrovena/__init__.py": {"executed_lines": [3], "summary": {"covered_lines": 1, "num_statements": 1, "percent_covered": 100.0, "percent_covered_display": "100", "missing_lines": 0, "excluded_lines": 0, "percent_statements_covered": 100.0, "percent_statements_covered_display": "100"}, "missing_lines": [], "excluded_lines": [], "functions": {"": {"executed_lines": [3], "summary": {"covered_lines": 1, "num_statements": 1, "percent_covered": 100.0, "percent_covered_display": "100", "missing_lines": 0, "excluded_lines": 0, "percent_statements_covered": 100.0, "percent_statements_covered_display": "100"}, "missing_lines": [], "excluded_lines": [], "start_line": 1}}, "classes": {"": {"executed_lines": [3], "summary": {"covered_lines": 1, "num_statements": 1, "percent_covered": 100.0, "percent_covered_display": "100", "missing_lines": 0, "excluded_lines": 0, "percent_statements_covered": 100.0, "percent_statements_covered_display": "100"}, "missing_lines": [], "excluded_lines": [], "start_line": 1}}}, "zdrovena/api/__init__.py": {"executed_lines": [], "summary": {"covered_lines": 0, "num_statements": 0, "percent_covered": 100.0, "percent_covered_display": "100", "missing_lines": 0, "excluded_lines": 0, "percent_statements_covered": 100.0, "percent_statements_covered_display": "100"}, "missing_lines": [], "excluded_lines": [], "functions": {"": {"executed_lines": [], "summary": {"covered_lines": 0, "num_statements": 0, "percent_covered": 100.0, "percent_covered_display": "100", "missing_lines": 0, "excluded_lines": 0, "percent_statements_covered": 100.0, "percent_statements_covered_display": "100"}, "missing_lines": [], "excluded_lines": [], "start_line": 1}}, "classes": {"": {"executed_lines": [], "summary": {"covered_lines": 0, "num_statements": 0, "percent_covered": 100.0, "percent_covered_display": "100", "missing_lines": 0, "excluded_lines": 0, "percent_statements_covered": 100.0, "percent_statements_covered_display": "100"}, "missing_lines": [], "excluded_lines": [], "start_line": 1}}}, "zdrovena/api/auth.py": {"executed_lines": [26, 28, 29, 30, 31, 32, 34, 35, 37, 39, 45, 46, 47, 48, 49, 50, 52, 53, 55, 56, 57, 63, 74, 75, 80, 130, 137, 138, 139, 141, 142, 153, 160, 163, 164, 167, 170, 171], "summary": {"covered_lines": 38, "num_statements": 62, "percent_covered": 61.29032258064516, "percent_covered_display": "61", "missing_lines": 24, "excluded_lines": 0, "percent_statements_covered": 61.29032258064516, "percent_statements_covered_display": "61"}, "missing_lines": [76, 77, 82, 83, 84, 85, 86, 90, 91, 92, 94, 95, 96, 97, 98, 103, 104, 105, 112, 113, 119, 147, 156, 157], "excluded_lines": [], "functions": {"Principal.has_role": {"executed_lines": [53], "summary": {"covered_lines": 1, "num_statements": 1, "percent_covered": 100.0, "percent_covered_display": "100", "missing_lines": 0, "excluded_lines": 0, "percent_statements_covered": 100.0, "percent_statements_covered_display": "100"}, "missing_lines": [], "excluded_lines": [], "start_line": 52}, "Principal.require_role": {"executed_lines": [56, 57], "summary": {"covered_lines": 2, "num_statements": 2, "percent_covered": 100.0, "percent_covered_display": "100", "missing_lines": 0, "excluded_lines": 0, "percent_statements_covered": 100.0, "percent_statements_covered_display": "100"}, "missing_lines": [], "excluded_lines": [], "start_line": 55}, "_jwks_uri": {"executed_lines": [], "summary": {"covered_lines": 0, "num_statements": 2, "percent_covered": 0.0, "percent_covered_display": "0", "missing_lines": 2, "excluded_lines": 0, "percent_statements_covered": 0.0, "percent_statements_covered_display": "0"}, "missing_lines": [76, 77], "excluded_lines": [], "start_line": 75}, "_validate_token": {"executed_lines": [], "summary": {"covered_lines": 0, "num_statements": 19, "percent_covered": 0.0, "percent_covered_display": "0", "missing_lines": 19, "excluded_lines": 0, "percent_statements_covered": 0.0, "percent_statements_covered_display": "0"}, "missing_lines": [82, 83, 84, 85, 86, 90, 91, 92, 94, 95, 96, 97, 98, 103, 104, 105, 112, 113, 119], "excluded_lines": [], "start_line": 80}, "get_current_principal": {"executed_lines": [137, 138, 139, 141, 142], "summary": {"covered_lines": 5, "num_statements": 6, "percent_covered": 83.33333333333333, "percent_covered_display": "83", "missing_lines": 1, "excluded_lines": 0, "percent_statements_covered": 83.33333333333333, "percent_statements_covered_display": "83"}, "missing_lines": [147], "excluded_lines": [], "start_line": 130}, "require_admin": {"executed_lines": [], "summary": {"covered_lines": 0, "num_statements": 2, "percent_covered": 0.0, "percent_covered_display": "0", "missing_lines": 2, "excluded_lines": 0, "percent_statements_covered": 0.0, "percent_statements_covered_display": "0"}, "missing_lines": [156, 157], "excluded_lines": [], "start_line": 153}, "require_accountant_or_admin": {"executed_lines": [163, 164], "summary": {"covered_lines": 2, "num_statements": 2, "percent_covered": 100.0, "percent_covered_display": "100", "missing_lines": 0, "excluded_lines": 0, "percent_statements_covered": 100.0, "percent_statements_covered_display": "100"}, "missing_lines": [], "excluded_lines": [], "start_line": 160}, "require_viewer_or_above": {"executed_lines": [170, 171], "summary": {"covered_lines": 2, "num_statements": 2, "percent_covered": 100.0, "percent_covered_display": "100", "missing_lines": 0, "excluded_lines": 0, "percent_statements_covered": 100.0, "percent_statements_covered_display": "100"}, "missing_lines": [], "excluded_lines": [], "start_line": 167}, "": {"executed_lines": [26, 28, 29, 30, 31, 32, 34, 35, 37, 39, 45, 46, 47, 48, 49, 50, 52, 55, 63, 74, 75, 80, 130, 153, 160, 167], "summary": {"covered_lines": 26, "num_statements": 26, "percent_covered": 100.0, "percent_covered_display": "100", "missing_lines": 0, "excluded_lines": 0, "percent_statements_covered": 100.0, "percent_statements_covered_display": "100"}, "missing_lines": [], "excluded_lines": [], "start_line": 1}}, "classes": {"Principal": {"executed_lines": [53, 56, 57], "summary": {"covered_lines": 3, "num_statements": 3, "percent_covered": 100.0, "percent_covered_display": "100", "missing_lines": 0, "excluded_lines": 0, "percent_statements_covered": 100.0, "percent_statements_covered_display": "100"}, "missing_lines": [], "excluded_lines": [], "start_line": 46}, "": {"executed_lines": [26, 28, 29, 30, 31, 32, 34, 35, 37, 39, 45, 46, 47, 48, 49, 50, 52, 55, 63, 74, 75, 80, 130, 137, 138, 139, 141, 142, 153, 160, 163, 164, 167, 170, 171], "summary": {"covered_lines": 35, "num_statements": 59, "percent_covered": 59.32203389830509, "percent_covered_display": "59", "missing_lines": 24, "excluded_lines": 0, "percent_statements_covered": 59.32203389830509, "percent_statements_covered_display": "59"}, "missing_lines": [76, 77, 82, 83, 84, 85, 86, 90, 91, 92, 94, 95, 96, 97, 98, 103, 104, 105, 112, 113, 119, 147, 156, 157], "excluded_lines": [], "start_line": 1}}}, "zdrovena/api/client.py": {"executed_lines": [3, 5, 7, 10, 14, 17, 18, 19, 20, 21, 23, 32, 39, 40, 41, 42, 43, 44, 45, 46, 47, 49, 50, 51, 52, 53, 54, 60, 61, 62, 63, 64, 65, 66, 67, 71, 72, 73, 74, 75, 76], "summary": {"covered_lines": 41, "num_statements": 51, "percent_covered": 80.3921568627451, "percent_covered_display": "80", "missing_lines": 10, "excluded_lines": 0, "percent_statements_covered": 80.3921568627451, "percent_statements_covered_display": "80"}, "missing_lines": [55, 56, 57, 58, 68, 69, 77, 78, 79, 80], "excluded_lines": [], "functions": {"ApiClient.__init__": {"executed_lines": [18, 19, 20, 21], "summary": {"covered_lines": 4, "num_statements": 4, "percent_covered": 100.0, "percent_covered_display": "100", "missing_lines": 0, "excluded_lines": 0, "percent_statements_covered": 100.0, "percent_statements_covered_display": "100"}, "missing_lines": [], "excluded_lines": [], "start_line": 17}, "ApiClient.close": {"executed_lines": [32, 39, 40, 41, 42, 43, 44, 45, 46, 47], "summary": {"covered_lines": 10, "num_statements": 10, "percent_covered": 100.0, "percent_covered_display": "100", "missing_lines": 0, "excluded_lines": 0, "percent_statements_covered": 100.0, "percent_statements_covered_display": "100"}, "missing_lines": [], "excluded_lines": [], "start_line": 23}, "ApiClient.list_files": {"executed_lines": [50, 51, 52, 53, 54], "summary": {"covered_lines": 5, "num_statements": 9, "percent_covered": 55.55555555555556, "percent_covered_display": "56", "missing_lines": 4, "excluded_lines": 0, "percent_statements_covered": 55.55555555555556, "percent_statements_covered_display": "56"}, "missing_lines": [55, 56, 57, 58], "excluded_lines": [], "start_line": 49}, "ApiClient.stream_file": {"executed_lines": [61, 62, 63, 64, 65, 66, 67], "summary": {"covered_lines": 7, "num_statements": 9, "percent_covered": 77.77777777777777, "percent_covered_display": "78", "missing_lines": 2, "excluded_lines": 0, "percent_statements_covered": 77.77777777777777, "percent_statements_covered_display": "78"}, "missing_lines": [68, 69], "excluded_lines": [], "start_line": 60}, "ApiClient.health": {"executed_lines": [72, 73, 74, 75, 76], "summary": {"covered_lines": 5, "num_statements": 9, "percent_covered": 55.55555555555556, "percent_covered_display": "56", "missing_lines": 4, "excluded_lines": 0, "percent_statements_covered": 55.55555555555556, "percent_statements_covered_display": "56"}, "missing_lines": [77, 78, 79, 80], "excluded_lines": [], "start_line": 71}, "": {"executed_lines": [3, 5, 7, 10, 14, 17, 23, 49, 60, 71], "summary": {"covered_lines": 10, "num_statements": 10, "percent_covered": 100.0, "percent_covered_display": "100", "missing_lines": 0, "excluded_lines": 0, "percent_statements_covered": 100.0, "percent_statements_covered_display": "100"}, "missing_lines": [], "excluded_lines": [], "start_line": 1}}, "classes": {"ApiError": {"executed_lines": [], "summary": {"covered_lines": 0, "num_statements": 0, "percent_covered": 100.0, "percent_covered_display": "100", "missing_lines": 0, "excluded_lines": 0, "percent_statements_covered": 100.0, "percent_statements_covered_display": "100"}, "missing_lines": [], "excluded_lines": [], "start_line": 10}, "ApiClient": {"executed_lines": [18, 19, 20, 21, 32, 39, 40, 41, 42, 43, 44, 45, 46, 47, 50, 51, 52, 53, 54, 61, 62, 63, 64, 65, 66, 67, 72, 73, 74, 75, 76], "summary": {"covered_lines": 31, "num_statements": 41, "percent_covered": 75.60975609756098, "percent_covered_display": "76", "missing_lines": 10, "excluded_lines": 0, "percent_statements_covered": 75.60975609756098, "percent_statements_covered_display": "76"}, "missing_lines": [55, 56, 57, 58, 68, 69, 77, 78, 79, 80], "excluded_lines": [], "start_line": 14}, "": {"executed_lines": [3, 5, 7, 10, 14, 17, 23, 49, 60, 71], "summary": {"covered_lines": 10, "num_statements": 10, "percent_covered": 100.0, "percent_covered_display": "100", "missing_lines": 0, "excluded_lines": 0, "percent_statements_covered": 100.0, "percent_statements_covered_display": "100"}, "missing_lines": [], "excluded_lines": [], "start_line": 1}}}, "zdrovena/api/commands/__init__.py": {"executed_lines": [], "summary": {"covered_lines": 0, "num_statements": 0, "percent_covered": 100.0, "percent_covered_display": "100", "missing_lines": 0, "excluded_lines": 0, "percent_statements_covered": 100.0, "percent_statements_covered_display": "100"}, "missing_lines": [], "excluded_lines": [], "functions": {"": {"executed_lines": [], "summary": {"covered_lines": 0, "num_statements": 0, "percent_covered": 100.0, "percent_covered_display": "100", "missing_lines": 0, "excluded_lines": 0, "percent_statements_covered": 100.0, "percent_statements_covered_display": "100"}, "missing_lines": [], "excluded_lines": [], "start_line": 1}}, "classes": {"": {"executed_lines": [], "summary": {"covered_lines": 0, "num_statements": 0, "percent_covered": 100.0, "percent_covered_display": "100", "missing_lines": 0, "excluded_lines": 0, "percent_statements_covered": 100.0, "percent_statements_covered_display": "100"}, "missing_lines": [], "excluded_lines": [], "start_line": 1}}}, "zdrovena/api/commands/files_cmd.py": {"executed_lines": [3, 5, 6, 7, 10, 11, 13, 14, 15, 16, 17, 18, 21, 22, 23, 24, 25, 26, 29, 30, 31, 32, 34, 35, 36, 37, 39, 40, 41, 44, 47], "summary": {"covered_lines": 31, "num_statements": 45, "percent_covered": 68.88888888888889, "percent_covered_display": "69", "missing_lines": 14, "excluded_lines": 0, "percent_statements_covered": 68.88888888888889, "percent_statements_covered_display": "69"}, "missing_lines": [42, 48, 52, 58, 59, 65, 68, 69, 70, 77, 79, 80, 81, 83], "excluded_lines": [], "functions": {"_get_client": {"executed_lines": [11, 13, 14, 15, 16, 17, 18], "summary": {"covered_lines": 7, "num_statements": 7, "percent_covered": 100.0, "percent_covered_display": "100", "missing_lines": 0, "excluded_lines": 0, "percent_statements_covered": 100.0, "percent_statements_covered_display": "100"}, "missing_lines": [], "excluded_lines": [], "start_line": 10}, "_run_list": {"executed_lines": [22, 23, 24, 25, 26], "summary": {"covered_lines": 5, "num_statements": 5, "percent_covered": 100.0, "percent_covered_display": "100", "missing_lines": 0, "excluded_lines": 0, "percent_statements_covered": 100.0, "percent_statements_covered_display": "100"}, "missing_lines": [], "excluded_lines": [], "start_line": 21}, "_run_download": {"executed_lines": [30, 31, 32, 34, 35, 36, 37, 39, 40, 41, 44], "summary": {"covered_lines": 11, "num_statements": 12, "percent_covered": 91.66666666666667, "percent_covered_display": "92", "missing_lines": 1, "excluded_lines": 0, "percent_statements_covered": 91.66666666666667, "percent_statements_covered_display": "92"}, "missing_lines": [42], "excluded_lines": [], "start_line": 29}, "add_subparser": {"executed_lines": [], "summary": {"covered_lines": 0, "num_statements": 11, "percent_covered": 0.0, "percent_covered_display": "0", "missing_lines": 11, "excluded_lines": 0, "percent_statements_covered": 0.0, "percent_statements_covered_display": "0"}, "missing_lines": [48, 52, 58, 59, 65, 68, 69, 70, 77, 79, 83], "excluded_lines": [], "start_line": 47}, "add_subparser._files_default": {"executed_lines": [], "summary": {"covered_lines": 0, "num_statements": 2, "percent_covered": 0.0, "percent_covered_display": "0", "missing_lines": 2, "excluded_lines": 0, "percent_statements_covered": 0.0, "percent_statements_covered_display": "0"}, "missing_lines": [80, 81], "excluded_lines": [], "start_line": 79}, "": {"executed_lines": [3, 5, 6, 7, 10, 21, 29, 47], "summary": {"covered_lines": 8, "num_statements": 8, "percent_covered": 100.0, "percent_covered_display": "100", "missing_lines": 0, "excluded_lines": 0, "percent_statements_covered": 100.0, "percent_statements_covered_display": "100"}, "missing_lines": [], "excluded_lines": [], "start_line": 1}}, "classes": {"": {"executed_lines": [3, 5, 6, 7, 10, 11, 13, 14, 15, 16, 17, 18, 21, 22, 23, 24, 25, 26, 29, 30, 31, 32, 34, 35, 36, 37, 39, 40, 41, 44, 47], "summary": {"covered_lines": 31, "num_statements": 45, "percent_covered": 68.88888888888889, "percent_covered_display": "69", "missing_lines": 14, "excluded_lines": 0, "percent_statements_covered": 68.88888888888889, "percent_statements_covered_display": "69"}, "missing_lines": [42, 48, 52, 58, 59, 65, 68, 69, 70, 77, 79, 80, 81, 83], "excluded_lines": [], "start_line": 1}}}, "zdrovena/api/commands/health_cmd.py": {"executed_lines": [3, 5, 6, 7, 10, 11, 13, 14, 15, 16, 18, 19, 21, 22, 23, 24, 25, 26, 27, 28, 31], "summary": {"covered_lines": 21, "num_statements": 23, "percent_covered": 91.30434782608695, "percent_covered_display": "91", "missing_lines": 2, "excluded_lines": 0, "percent_statements_covered": 91.30434782608695, "percent_statements_covered_display": "91"}, "missing_lines": [32, 36], "excluded_lines": [], "functions": {"_run": {"executed_lines": [11, 13, 14, 15, 16, 18, 19, 21, 22, 23, 24, 25, 26, 27, 28], "summary": {"covered_lines": 15, "num_statements": 15, "percent_covered": 100.0, "percent_covered_display": "100", "missing_lines": 0, "excluded_lines": 0, "percent_statements_covered": 100.0, "percent_statements_covered_display": "100"}, "missing_lines": [], "excluded_lines": [], "start_line": 10}, "add_subparser": {"executed_lines": [], "summary": {"covered_lines": 0, "num_statements": 2, "percent_covered": 0.0, "percent_covered_display": "0", "missing_lines": 2, "excluded_lines": 0, "percent_statements_covered": 0.0, "percent_statements_covered_display": "0"}, "missing_lines": [32, 36], "excluded_lines": [], "start_line": 31}, "": {"executed_lines": [3, 5, 6, 7, 10, 31], "summary": {"covered_lines": 6, "num_statements": 6, "percent_covered": 100.0, "percent_covered_display": "100", "missing_lines": 0, "excluded_lines": 0, "percent_statements_covered": 100.0, "percent_statements_covered_display": "100"}, "missing_lines": [], "excluded_lines": [], "start_line": 1}}, "classes": {"": {"executed_lines": [3, 5, 6, 7, 10, 11, 13, 14, 15, 16, 18, 19, 21, 22, 23, 24, 25, 26, 27, 28, 31], "summary": {"covered_lines": 21, "num_statements": 23, "percent_covered": 91.30434782608695, "percent_covered_display": "91", "missing_lines": 2, "excluded_lines": 0, "percent_statements_covered": 91.30434782608695, "percent_statements_covered_display": "91"}, "missing_lines": [32, 36], "excluded_lines": [], "start_line": 1}}}, "zdrovena/api/deps.py": {"executed_lines": [5, 7, 8, 10, 12, 15, 16, 20, 22, 25], "summary": {"covered_lines": 10, "num_statements": 11, "percent_covered": 90.9090909090909, "percent_covered_display": "91", "missing_lines": 1, "excluded_lines": 0, "percent_statements_covered": 90.9090909090909, "percent_statements_covered_display": "91"}, "missing_lines": [17], "excluded_lines": [], "functions": {"_storage_singleton": {"executed_lines": [], "summary": {"covered_lines": 0, "num_statements": 1, "percent_covered": 0.0, "percent_covered_display": "0", "missing_lines": 1, "excluded_lines": 0, "percent_statements_covered": 0.0, "percent_statements_covered_display": "0"}, "missing_lines": [17], "excluded_lines": [], "start_line": 16}, "get_storage": {"executed_lines": [22], "summary": {"covered_lines": 1, "num_statements": 1, "percent_covered": 100.0, "percent_covered_display": "100", "missing_lines": 0, "excluded_lines": 0, "percent_statements_covered": 100.0, "percent_statements_covered_display": "100"}, "missing_lines": [], "excluded_lines": [], "start_line": 20}, "": {"executed_lines": [5, 7, 8, 10, 12, 15, 16, 20, 25], "summary": {"covered_lines": 9, "num_statements": 9, "percent_covered": 100.0, "percent_covered_display": "100", "missing_lines": 0, "excluded_lines": 0, "percent_statements_covered": 100.0, "percent_statements_covered_display": "100"}, "missing_lines": [], "excluded_lines": [], "start_line": 1}}, "classes": {"": {"executed_lines": [5, 7, 8, 10, 12, 15, 16, 20, 22, 25], "summary": {"covered_lines": 10, "num_statements": 11, "percent_covered": 90.9090909090909, "percent_covered_display": "91", "missing_lines": 1, "excluded_lines": 0, "percent_statements_covered": 90.9090909090909, "percent_statements_covered_display": "91"}, "missing_lines": [17], "excluded_lines": [], "start_line": 1}}}, "zdrovena/api/main.py": {"executed_lines": [5, 7, 8, 10, 11, 13, 15, 20, 34, 37, 45, 46, 49, 50, 51], "summary": {"covered_lines": 15, "num_statements": 15, "percent_covered": 100.0, "percent_covered_display": "100", "missing_lines": 0, "excluded_lines": 0, "percent_statements_covered": 100.0, "percent_statements_covered_display": "100"}, "missing_lines": [], "excluded_lines": [], "functions": {"health": {"executed_lines": [51], "summary": {"covered_lines": 1, "num_statements": 1, "percent_covered": 100.0, "percent_covered_display": "100", "missing_lines": 0, "excluded_lines": 0, "percent_statements_covered": 100.0, "percent_statements_covered_display": "100"}, "missing_lines": [], "excluded_lines": [], "start_line": 50}, "": {"executed_lines": [5, 7, 8, 10, 11, 13, 15, 20, 34, 37, 45, 46, 49, 50], "summary": {"covered_lines": 14, "num_statements": 14, "percent_covered": 100.0, "percent_covered_display": "100", "missing_lines": 0, "excluded_lines": 0, "percent_statements_covered": 100.0, "percent_statements_covered_display": "100"}, "missing_lines": [], "excluded_lines": [], "start_line": 1}}, "classes": {"": {"executed_lines": [5, 7, 8, 10, 11, 13, 15, 20, 34, 37, 45, 46, 49, 50, 51], "summary": {"covered_lines": 15, "num_statements": 15, "percent_covered": 100.0, "percent_covered_display": "100", "missing_lines": 0, "excluded_lines": 0, "percent_statements_covered": 100.0, "percent_statements_covered_display": "100"}, "missing_lines": [], "excluded_lines": [], "start_line": 1}}}, "zdrovena/api/models.py": {"executed_lines": [5, 7, 9, 12, 13, 14, 15, 16, 17, 19, 20, 21, 22, 23, 24, 25, 28, 29, 30, 31, 32, 33, 34, 35, 36, 37, 38, 39, 40, 41, 42, 44, 45, 47, 65, 66, 67], "summary": {"covered_lines": 37, "num_statements": 37, "percent_covered": 100.0, "percent_covered_display": "100", "missing_lines": 0, "excluded_lines": 0, "percent_statements_covered": 100.0, "percent_statements_covered_display": "100"}, "missing_lines": [], "excluded_lines": [], "functions": {"CloseRequest.validate_date": {"executed_lines": [21, 22, 23, 24, 25], "summary": {"covered_lines": 5, "num_statements": 5, "percent_covered": 100.0, "percent_covered_display": "100", "missing_lines": 0, "excluded_lines": 0, "percent_statements_covered": 100.0, "percent_statements_covered_display": "100"}, "missing_lines": [], "excluded_lines": [], "start_line": 20}, "CloseResponse.from_close_report": {"executed_lines": [47], "summary": {"covered_lines": 1, "num_statements": 1, "percent_covered": 100.0, "percent_covered_display": "100", "missing_lines": 0, "excluded_lines": 0, "percent_statements_covered": 100.0, "percent_statements_covered_display": "100"}, "missing_lines": [], "excluded_lines": [], "start_line": 45}, "": {"executed_lines": [5, 7, 9, 12, 13, 14, 15, 16, 17, 19, 20, 28, 29, 30, 31, 32, 33, 34, 35, 36, 37, 38, 39, 40, 41, 42, 44, 45, 65, 66, 67], "summary": {"covered_lines": 31, "num_statements": 31, "percent_covered": 100.0, "percent_covered_display": "100", "missing_lines": 0, "excluded_lines": 0, "percent_statements_covered": 100.0, "percent_statements_covered_display": "100"}, "missing_lines": [], "excluded_lines": [], "start_line": 1}}, "classes": {"CloseRequest": {"executed_lines": [21, 22, 23, 24, 25], "summary": {"covered_lines": 5, "num_statements": 5, "percent_covered": 100.0, "percent_covered_display": "100", "missing_lines": 0, "excluded_lines": 0, "percent_statements_covered": 100.0, "percent_statements_covered_display": "100"}, "missing_lines": [], "excluded_lines": [], "start_line": 12}, "CloseResponse": {"executed_lines": [47], "summary": {"covered_lines": 1, "num_statements": 1, "percent_covered": 100.0, "percent_covered_display": "100", "missing_lines": 0, "excluded_lines": 0, "percent_statements_covered": 100.0, "percent_statements_covered_display": "100"}, "missing_lines": [], "excluded_lines": [], "start_line": 28}, "ErrorResponse": {"executed_lines": [], "summary": {"covered_lines": 0, "num_statements": 0, "percent_covered": 100.0, "percent_covered_display": "100", "missing_lines": 0, "excluded_lines": 0, "percent_statements_covered": 100.0, "percent_statements_covered_display": "100"}, "missing_lines": [], "excluded_lines": [], "start_line": 65}, "": {"executed_lines": [5, 7, 9, 12, 13, 14, 15, 16, 17, 19, 20, 28, 29, 30, 31, 32, 33, 34, 35, 36, 37, 38, 39, 40, 41, 42, 44, 45, 65, 66, 67], "summary": {"covered_lines": 31, "num_statements": 31, "percent_covered": 100.0, "percent_covered_display": "100", "missing_lines": 0, "excluded_lines": 0, "percent_statements_covered": 100.0, "percent_statements_covered_display": "100"}, "missing_lines": [], "excluded_lines": [], "start_line": 1}}}, "zdrovena/api/routers/__init__.py": {"executed_lines": [], "summary": {"covered_lines": 0, "num_statements": 0, "percent_covered": 100.0, "percent_covered_display": "100", "missing_lines": 0, "excluded_lines": 0, "percent_statements_covered": 100.0, "percent_statements_covered_display": "100"}, "missing_lines": [], "excluded_lines": [], "functions": {"": {"executed_lines": [], "summary": {"covered_lines": 0, "num_statements": 0, "percent_covered": 100.0, "percent_covered_display": "100", "missing_lines": 0, "excluded_lines": 0, "percent_statements_covered": 100.0, "percent_statements_covered_display": "100"}, "missing_lines": [], "excluded_lines": [], "start_line": 1}}, "classes": {"": {"executed_lines": [], "summary": {"covered_lines": 0, "num_statements": 0, "percent_covered": 100.0, "percent_covered_display": "100", "missing_lines": 0, "excluded_lines": 0, "percent_statements_covered": 100.0, "percent_statements_covered_display": "100"}, "missing_lines": [], "excluded_lines": [], "start_line": 1}}}, "zdrovena/api/routers/close.py": {"executed_lines": [3, 5, 6, 8, 10, 11, 12, 14, 15, 18, 29, 38, 45, 46, 54, 55, 56, 64], "summary": {"covered_lines": 18, "num_statements": 21, "percent_covered": 85.71428571428571, "percent_covered_display": "86", "missing_lines": 3, "excluded_lines": 0, "percent_statements_covered": 85.71428571428571, "percent_statements_covered_display": "86"}, "missing_lines": [57, 58, 59], "excluded_lines": [], "functions": {"run_close": {"executed_lines": [38, 45, 46, 54, 55, 56, 64], "summary": {"covered_lines": 7, "num_statements": 10, "percent_covered": 70.0, "percent_covered_display": "70", "missing_lines": 3, "excluded_lines": 0, "percent_statements_covered": 70.0, "percent_statements_covered_display": "70"}, "missing_lines": [57, 58, 59], "excluded_lines": [], "start_line": 29}, "": {"executed_lines": [3, 5, 6, 8, 10, 11, 12, 14, 15, 18, 29], "summary": {"covered_lines": 11, "num_statements": 11, "percent_covered": 100.0, "percent_covered_display": "100", "missing_lines": 0, "excluded_lines": 0, "percent_statements_covered": 100.0, "percent_statements_covered_display": "100"}, "missing_lines": [], "excluded_lines": [], "start_line": 1}}, "classes": {"": {"executed_lines": [3, 5, 6, 8, 10, 11, 12, 14, 15, 18, 29, 38, 45, 46, 54, 55, 56, 64], "summary": {"covered_lines": 18, "num_statements": 21, "percent_covered": 85.71428571428571, "percent_covered_display": "86", "missing_lines": 3, "excluded_lines": 0, "percent_statements_covered": 85.71428571428571, "percent_statements_covered_display": "86"}, "missing_lines": [57, 58, 59], "excluded_lines": [], "start_line": 1}}}, "zdrovena/api/routers/files.py": {"executed_lines": [3, 5, 6, 7, 9, 10, 12, 13, 15, 23, 29, 35, 41, 51, 61, 70, 71, 74, 75, 77, 78, 79], "summary": {"covered_lines": 22, "num_statements": 23, "percent_covered": 95.65217391304348, "percent_covered_display": "96", "missing_lines": 1, "excluded_lines": 0, "percent_statements_covered": 95.65217391304348, "percent_statements_covered_display": "96"}, "missing_lines": [72], "excluded_lines": [], "functions": {"list_files": {"executed_lines": [41], "summary": {"covered_lines": 1, "num_statements": 1, "percent_covered": 100.0, "percent_covered_display": "100", "missing_lines": 0, "excluded_lines": 0, "percent_statements_covered": 100.0, "percent_statements_covered_display": "100"}, "missing_lines": [], "excluded_lines": [], "start_line": 35}, "download_file": {"executed_lines": [70, 71, 74, 75, 77, 78, 79], "summary": {"covered_lines": 7, "num_statements": 8, "percent_covered": 87.5, "percent_covered_display": "88", "missing_lines": 1, "excluded_lines": 0, "percent_statements_covered": 87.5, "percent_statements_covered_display": "88"}, "missing_lines": [72], "excluded_lines": [], "start_line": 61}, "": {"executed_lines": [3, 5, 6, 7, 9, 10, 12, 13, 15, 23, 29, 35, 51, 61], "summary": {"covered_lines": 14, "num_statements": 14, "percent_covered": 100.0, "percent_covered_display": "100", "missing_lines": 0, "excluded_lines": 0, "percent_statements_covered": 100.0, "percent_statements_covered_display": "100"}, "missing_lines": [], "excluded_lines": [], "start_line": 1}}, "classes": {"": {"executed_lines": [3, 5, 6, 7, 9, 10, 12, 13, 15, 23, 29, 35, 41, 51, 61, 70, 71, 74, 75, 77, 78, 79], "summary": {"covered_lines": 22, "num_statements": 23, "percent_covered": 95.65217391304348, "percent_covered_display": "96", "missing_lines": 1, "excluded_lines": 0, "percent_statements_covered": 95.65217391304348, "percent_statements_covered_display": "96"}, "missing_lines": [72], "excluded_lines": [], "start_line": 1}}}, "zdrovena/audit/__init__.py": {"executed_lines": [], "summary": {"covered_lines": 0, "num_statements": 0, "percent_covered": 100.0, "percent_covered_display": "100", "missing_lines": 0, "excluded_lines": 0, "percent_statements_covered": 100.0, "percent_statements_covered_display": "100"}, "missing_lines": [], "excluded_lines": [], "functions": {"": {"executed_lines": [], "summary": {"covered_lines": 0, "num_statements": 0, "percent_covered": 100.0, "percent_covered_display": "100", "missing_lines": 0, "excluded_lines": 0, "percent_statements_covered": 100.0, "percent_statements_covered_display": "100"}, "missing_lines": [], "excluded_lines": [], "start_line": 1}}, "classes": {"": {"executed_lines": [], "summary": {"covered_lines": 0, "num_statements": 0, "percent_covered": 100.0, "percent_covered_display": "100", "missing_lines": 0, "excluded_lines": 0, "percent_statements_covered": 100.0, "percent_statements_covered_display": "100"}, "missing_lines": [], "excluded_lines": [], "start_line": 1}}}, "zdrovena/audit/api.py": {"executed_lines": [5, 7, 8, 9, 11, 14, 22, 30, 31, 32, 34, 35, 36, 37, 39, 40, 42, 45, 47, 50, 52, 55, 57, 60, 62, 65, 71, 72, 73, 74, 75, 76, 82, 113, 148, 157, 162, 167, 175, 177, 178, 179, 180, 183, 185, 188, 190, 191, 192, 193, 194, 195], "summary": {"covered_lines": 52, "num_statements": 84, "percent_covered": 61.904761904761905, "percent_covered_display": "62", "missing_lines": 32, "excluded_lines": 0, "percent_statements_covered": 61.904761904761905, "percent_statements_covered_display": "62"}, "missing_lines": [16, 93, 94, 95, 97, 98, 99, 100, 101, 102, 103, 104, 105, 107, 129, 131, 133, 134, 135, 136, 137, 139, 141, 143, 144, 145, 152, 153, 154, 159, 164, 169], "excluded_lines": [], "functions": {"get_client": {"executed_lines": [], "summary": {"covered_lines": 0, "num_statements": 1, "percent_covered": 0.0, "percent_covered_display": "0", "missing_lines": 1, "excluded_lines": 0, "percent_statements_covered": 0.0, "percent_statements_covered_display": "0"}, "missing_lines": [16], "excluded_lines": [], "start_line": 14}, "date_range": {"executed_lines": [30, 31, 32, 34, 35, 36, 37, 39, 40, 42], "summary": {"covered_lines": 10, "num_statements": 10, "percent_covered": 100.0, "percent_covered_display": "100", "missing_lines": 0, "excluded_lines": 0, "percent_statements_covered": 100.0, "percent_statements_covered_display": "100"}, "missing_lines": [], "excluded_lines": [], "start_line": 22}, "month_of": {"executed_lines": [47], "summary": {"covered_lines": 1, "num_statements": 1, "percent_covered": 100.0, "percent_covered_display": "100", "missing_lines": 0, "excluded_lines": 0, "percent_statements_covered": 100.0, "percent_statements_covered_display": "100"}, "missing_lines": [], "excluded_lines": [], "start_line": 45}, "sell_date_of": {"executed_lines": [52], "summary": {"covered_lines": 1, "num_statements": 1, "percent_covered": 100.0, "percent_covered_display": "100", "missing_lines": 0, "excluded_lines": 0, "percent_statements_covered": 100.0, "percent_statements_covered_display": "100"}, "missing_lines": [], "excluded_lines": [], "start_line": 50}, "is_receipt": {"executed_lines": [57], "summary": {"covered_lines": 1, "num_statements": 1, "percent_covered": 100.0, "percent_covered_display": "100", "missing_lines": 0, "excluded_lines": 0, "percent_statements_covered": 100.0, "percent_statements_covered_display": "100"}, "missing_lines": [], "excluded_lines": [], "start_line": 55}, "doc_type_label": {"executed_lines": [62], "summary": {"covered_lines": 1, "num_statements": 1, "percent_covered": 100.0, "percent_covered_display": "100", "missing_lines": 0, "excluded_lines": 0, "percent_statements_covered": 100.0, "percent_statements_covered_display": "100"}, "missing_lines": [], "excluded_lines": [], "start_line": 60}, "inv_sort_key": {"executed_lines": [71, 72, 73, 74, 75, 76], "summary": {"covered_lines": 6, "num_statements": 6, "percent_covered": 100.0, "percent_covered_display": "100", "missing_lines": 0, "excluded_lines": 0, "percent_statements_covered": 100.0, "percent_statements_covered_display": "100"}, "missing_lines": [], "excluded_lines": [], "start_line": 65}, "_paginate": {"executed_lines": [], "summary": {"covered_lines": 0, "num_statements": 13, "percent_covered": 0.0, "percent_covered_display": "0", "missing_lines": 13, "excluded_lines": 0, "percent_statements_covered": 0.0, "percent_statements_covered_display": "0"}, "missing_lines": [93, 94, 95, 97, 98, 99, 100, 101, 102, 103, 104, 105, 107], "excluded_lines": [], "start_line": 82}, "fetch_invoices": {"executed_lines": [], "summary": {"covered_lines": 0, "num_statements": 12, "percent_covered": 0.0, "percent_covered_display": "0", "missing_lines": 12, "excluded_lines": 0, "percent_statements_covered": 0.0, "percent_statements_covered_display": "0"}, "missing_lines": [129, 131, 133, 134, 135, 136, 137, 139, 141, 143, 144, 145], "excluded_lines": [], "start_line": 113}, "fetch_wz_documents": {"executed_lines": [], "summary": {"covered_lines": 0, "num_statements": 3, "percent_covered": 0.0, "percent_covered_display": "0", "missing_lines": 3, "excluded_lines": 0, "percent_statements_covered": 0.0, "percent_statements_covered_display": "0"}, "missing_lines": [152, 153, 154], "excluded_lines": [], "start_line": 148}, "fetch_warehouse_actions": {"executed_lines": [], "summary": {"covered_lines": 0, "num_statements": 1, "percent_covered": 0.0, "percent_covered_display": "0", "missing_lines": 1, "excluded_lines": 0, "percent_statements_covered": 0.0, "percent_statements_covered_display": "0"}, "missing_lines": [159], "excluded_lines": [], "start_line": 157}, "fetch_all_warehouse_actions": {"executed_lines": [], "summary": {"covered_lines": 0, "num_statements": 1, "percent_covered": 0.0, "percent_covered_display": "0", "missing_lines": 1, "excluded_lines": 0, "percent_statements_covered": 0.0, "percent_statements_covered_display": "0"}, "missing_lines": [164], "excluded_lines": [], "start_line": 162}, "fetch_products": {"executed_lines": [], "summary": {"covered_lines": 0, "num_statements": 1, "percent_covered": 0.0, "percent_covered_display": "0", "missing_lines": 1, "excluded_lines": 0, "percent_statements_covered": 0.0, "percent_statements_covered_display": "0"}, "missing_lines": [169], "excluded_lines": [], "start_line": 167}, "build_actions_by_doc": {"executed_lines": [177, 178, 179, 180], "summary": {"covered_lines": 4, "num_statements": 4, "percent_covered": 100.0, "percent_covered_display": "100", "missing_lines": 0, "excluded_lines": 0, "percent_statements_covered": 100.0, "percent_statements_covered_display": "100"}, "missing_lines": [], "excluded_lines": [], "start_line": 175}, "build_wz_by_id": {"executed_lines": [185], "summary": {"covered_lines": 1, "num_statements": 1, "percent_covered": 100.0, "percent_covered_display": "100", "missing_lines": 0, "excluded_lines": 0, "percent_statements_covered": 100.0, "percent_statements_covered_display": "100"}, "missing_lines": [], "excluded_lines": [], "start_line": 183}, "build_inv_by_wz": {"executed_lines": [190, 191, 192, 193, 194, 195], "summary": {"covered_lines": 6, "num_statements": 6, "percent_covered": 100.0, "percent_covered_display": "100", "missing_lines": 0, "excluded_lines": 0, "percent_statements_covered": 100.0, "percent_statements_covered_display": "100"}, "missing_lines": [], "excluded_lines": [], "start_line": 188}, "": {"executed_lines": [5, 7, 8, 9, 11, 14, 22, 45, 50, 55, 60, 65, 82, 113, 148, 157, 162, 167, 175, 183, 188], "summary": {"covered_lines": 21, "num_statements": 21, "percent_covered": 100.0, "percent_covered_display": "100", "missing_lines": 0, "excluded_lines": 0, "percent_statements_covered": 100.0, "percent_statements_covered_display": "100"}, "missing_lines": [], "excluded_lines": [], "start_line": 1}}, "classes": {"": {"executed_lines": [5, 7, 8, 9, 11, 14, 22, 30, 31, 32, 34, 35, 36, 37, 39, 40, 42, 45, 47, 50, 52, 55, 57, 60, 62, 65, 71, 72, 73, 74, 75, 76, 82, 113, 148, 157, 162, 167, 175, 177, 178, 179, 180, 183, 185, 188, 190, 191, 192, 193, 194, 195], "summary": {"covered_lines": 52, "num_statements": 84, "percent_covered": 61.904761904761905, "percent_covered_display": "62", "missing_lines": 32, "excluded_lines": 0, "percent_statements_covered": 61.904761904761905, "percent_statements_covered_display": "62"}, "missing_lines": [16, 93, 94, 95, 97, 98, 99, 100, 101, 102, 103, 104, 105, 107, 129, 131, 133, 134, 135, 136, 137, 139, 141, 143, 144, 145, 152, 153, 154, 159, 164, 169], "excluded_lines": [], "start_line": 1}}}, "zdrovena/audit/bottles.py": {"executed_lines": [8, 10, 15, 22, 25, 28, 31, 37, 46, 54, 56, 57, 58, 59, 60, 61, 62, 63, 64, 65, 66, 69, 71, 74, 87, 89, 90, 92, 93, 94, 96, 98, 99, 100, 103, 105, 106, 107, 108, 109, 110, 113, 134, 143, 144, 145, 146, 147, 148, 149, 151, 152], "summary": {"covered_lines": 52, "num_statements": 66, "percent_covered": 78.78787878787878, "percent_covered_display": "79", "missing_lines": 14, "excluded_lines": 0, "percent_statements_covered": 78.78787878787878, "percent_statements_covered_display": "79"}, "missing_lines": [118, 119, 120, 121, 122, 123, 124, 125, 126, 127, 128, 129, 130, 131], "excluded_lines": [], "functions": {"bottles_per_unit": {"executed_lines": [56, 57, 58, 59, 60, 61, 62, 63, 64, 65, 66], "summary": {"covered_lines": 11, "num_statements": 11, "percent_covered": 100.0, "percent_covered_display": "100", "missing_lines": 0, "excluded_lines": 0, "percent_statements_covered": 100.0, "percent_statements_covered_display": "100"}, "missing_lines": [], "excluded_lines": [], "start_line": 54}, "is_glass": {"executed_lines": [71], "summary": {"covered_lines": 1, "num_statements": 1, "percent_covered": 100.0, "percent_covered_display": "100", "missing_lines": 0, "excluded_lines": 0, "percent_statements_covered": 100.0, "percent_statements_covered_display": "100"}, "missing_lines": [], "excluded_lines": [], "start_line": 69}, "extract_bottles": {"executed_lines": [87, 89, 90, 92, 93, 94, 96, 98, 99, 100], "summary": {"covered_lines": 10, "num_statements": 10, "percent_covered": 100.0, "percent_covered_display": "100", "missing_lines": 0, "excluded_lines": 0, "percent_statements_covered": 100.0, "percent_statements_covered_display": "100"}, "missing_lines": [], "excluded_lines": [], "start_line": 74}, "invoice_bottles": {"executed_lines": [105, 106, 107, 108, 109, 110], "summary": {"covered_lines": 6, "num_statements": 6, "percent_covered": 100.0, "percent_covered_display": "100", "missing_lines": 0, "excluded_lines": 0, "percent_statements_covered": 100.0, "percent_statements_covered_display": "100"}, "missing_lines": [], "excluded_lines": [], "start_line": 103}, "invoice_bottle_details": {"executed_lines": [], "summary": {"covered_lines": 0, "num_statements": 14, "percent_covered": 0.0, "percent_covered_display": "0", "missing_lines": 14, "excluded_lines": 0, "percent_statements_covered": 0.0, "percent_statements_covered_display": "0"}, "missing_lines": [118, 119, 120, 121, 122, 123, 124, 125, 126, 127, 128, 129, 130, 131], "excluded_lines": [], "start_line": 113}, "wz_bottles": {"executed_lines": [143, 144, 145, 146, 147, 148, 149, 151, 152], "summary": {"covered_lines": 9, "num_statements": 9, "percent_covered": 100.0, "percent_covered_display": "100", "missing_lines": 0, "excluded_lines": 0, "percent_statements_covered": 100.0, "percent_statements_covered_display": "100"}, "missing_lines": [], "excluded_lines": [], "start_line": 134}, "": {"executed_lines": [8, 10, 15, 22, 25, 28, 31, 37, 46, 54, 69, 74, 103, 113, 134], "summary": {"covered_lines": 15, "num_statements": 15, "percent_covered": 100.0, "percent_covered_display": "100", "missing_lines": 0, "excluded_lines": 0, "percent_statements_covered": 100.0, "percent_statements_covered_display": "100"}, "missing_lines": [], "excluded_lines": [], "start_line": 1}}, "classes": {"": {"executed_lines": [8, 10, 15, 22, 25, 28, 31, 37, 46, 54, 56, 57, 58, 59, 60, 61, 62, 63, 64, 65, 66, 69, 71, 74, 87, 89, 90, 92, 93, 94, 96, 98, 99, 100, 103, 105, 106, 107, 108, 109, 110, 113, 134, 143, 144, 145, 146, 147, 148, 149, 151, 152], "summary": {"covered_lines": 52, "num_statements": 66, "percent_covered": 78.78787878787878, "percent_covered_display": "79", "missing_lines": 14, "excluded_lines": 0, "percent_statements_covered": 78.78787878787878, "percent_statements_covered_display": "79"}, "missing_lines": [118, 119, 120, 121, 122, 123, 124, 125, 126, 127, 128, 129, 130, 131], "excluded_lines": [], "start_line": 1}}}, "zdrovena/audit/commands/__init__.py": {"executed_lines": [], "summary": {"covered_lines": 0, "num_statements": 0, "percent_covered": 100.0, "percent_covered_display": "100", "missing_lines": 0, "excluded_lines": 0, "percent_statements_covered": 100.0, "percent_statements_covered_display": "100"}, "missing_lines": [], "excluded_lines": [], "functions": {"": {"executed_lines": [], "summary": {"covered_lines": 0, "num_statements": 0, "percent_covered": 100.0, "percent_covered_display": "100", "missing_lines": 0, "excluded_lines": 0, "percent_statements_covered": 100.0, "percent_statements_covered_display": "100"}, "missing_lines": [], "excluded_lines": [], "start_line": 1}}, "classes": {"": {"executed_lines": [], "summary": {"covered_lines": 0, "num_statements": 0, "percent_covered": 100.0, "percent_covered_display": "100", "missing_lines": 0, "excluded_lines": 0, "percent_statements_covered": 100.0, "percent_statements_covered_display": "100"}, "missing_lines": [], "excluded_lines": [], "start_line": 1}}}, "zdrovena/audit/sections.py": {"executed_lines": [19, 21, 22, 23, 24, 26, 31, 32, 41, 48, 49, 51, 52, 53, 54, 55, 56, 57, 69, 70, 71, 72, 74, 75, 76, 77, 78, 79, 80, 81, 82, 84, 85, 86, 90, 91, 92, 93, 98, 100, 101, 102, 103, 105, 106, 108, 114, 120, 122, 123, 124, 125, 126, 137, 138, 139, 140, 141, 147, 149, 151, 157, 164, 165, 166, 167, 168, 170, 171, 172, 173, 178, 179, 180, 182, 184, 190, 196, 197, 199, 200, 201, 202, 203, 204, 206, 207, 208, 209, 214, 215, 217, 219, 225, 231, 232, 234, 235, 236, 237, 238, 239, 241, 242, 246, 247, 248, 260, 261, 262, 263, 268, 270, 272, 278, 283, 285, 286, 287, 288, 289, 290, 291, 292, 293, 294, 296, 297, 298, 299, 300, 306, 308, 314, 315, 318, 319, 320, 321, 322, 323, 324, 326, 327, 328, 331, 333, 335, 336, 337, 338, 339, 340, 341, 342, 343, 344, 346, 347, 348, 349, 351, 352, 353, 354, 355, 356, 358, 359, 360, 361, 362, 364, 365, 376, 379, 384, 385, 386, 387, 388, 389, 393, 395, 396, 398, 400, 401, 407, 415, 416, 418, 421, 422, 424, 425, 426, 428, 429, 430, 431, 432, 433, 434, 436, 438, 439, 440, 442, 443, 444, 445, 446, 447, 448, 449, 450, 451, 452, 453, 454, 457, 458, 459, 460, 461, 462, 463, 466, 467, 468, 469, 470, 471, 477, 483, 484, 485, 486, 487, 488, 489, 491, 492, 493, 494, 495, 496, 498, 499, 500, 502, 503, 504, 505, 509, 510, 511, 512, 513], "summary": {"covered_lines": 260, "num_statements": 264, "percent_covered": 98.48484848484848, "percent_covered_display": "98", "missing_lines": 4, "excluded_lines": 2, "percent_statements_covered": 98.48484848484848, "percent_statements_covered_display": "98"}, "missing_lines": [243, 244, 394, 427], "excluded_lines": [34, 35], "functions": {"section_recount": {"executed_lines": [48, 49, 51, 52, 53, 54, 55, 56, 57, 69, 70, 71, 72, 74, 75, 76, 77, 78, 79, 80, 81, 82, 84, 85, 86, 90, 91, 92, 93, 98, 100, 101, 102, 103, 105, 106, 108], "summary": {"covered_lines": 37, "num_statements": 37, "percent_covered": 100.0, "percent_covered_display": "100", "missing_lines": 0, "excluded_lines": 0, "percent_statements_covered": 100.0, "percent_statements_covered_display": "100"}, "missing_lines": [], "excluded_lines": [], "start_line": 41}, "section_type_match": {"executed_lines": [120, 122, 123, 124, 125, 126, 137, 138, 139, 140, 141, 147, 149, 151], "summary": {"covered_lines": 14, "num_statements": 14, "percent_covered": 100.0, "percent_covered_display": "100", "missing_lines": 0, "excluded_lines": 0, "percent_statements_covered": 100.0, "percent_statements_covered_display": "100"}, "missing_lines": [], "excluded_lines": [], "start_line": 114}, "section_orphan_wz": {"executed_lines": [164, 165, 166, 167, 168, 170, 171, 172, 173, 178, 179, 180, 182, 184], "summary": {"covered_lines": 14, "num_statements": 14, "percent_covered": 100.0, "percent_covered_display": "100", "missing_lines": 0, "excluded_lines": 0, "percent_statements_covered": 100.0, "percent_statements_covered_display": "100"}, "missing_lines": [], "excluded_lines": [], "start_line": 157}, "section_no_wz": {"executed_lines": [196, 197, 199, 200, 201, 202, 203, 204, 206, 207, 208, 209, 214, 215, 217, 219], "summary": {"covered_lines": 16, "num_statements": 16, "percent_covered": 100.0, "percent_covered_display": "100", "missing_lines": 0, "excluded_lines": 0, "percent_statements_covered": 100.0, "percent_statements_covered_display": "100"}, "missing_lines": [], "excluded_lines": [], "start_line": 190}, "section_date_comparison": {"executed_lines": [231, 232, 234, 235, 236, 237, 238, 239, 241, 242, 246, 247, 248, 260, 261, 262, 263, 268, 270, 272], "summary": {"covered_lines": 20, "num_statements": 22, "percent_covered": 90.9090909090909, "percent_covered_display": "91", "missing_lines": 2, "excluded_lines": 0, "percent_statements_covered": 90.9090909090909, "percent_statements_covered_display": "91"}, "missing_lines": [243, 244], "excluded_lines": [], "start_line": 225}, "section_cross_month_sell_issue": {"executed_lines": [283, 285, 286, 287, 288, 289, 290, 291, 292, 293, 294, 296, 297, 298, 299, 300, 306, 308], "summary": {"covered_lines": 18, "num_statements": 18, "percent_covered": 100.0, "percent_covered_display": "100", "missing_lines": 0, "excluded_lines": 0, "percent_statements_covered": 100.0, "percent_statements_covered_display": "100"}, "missing_lines": [], "excluded_lines": [], "start_line": 278}, "SeriesResult.ok": {"executed_lines": [328], "summary": {"covered_lines": 1, "num_statements": 1, "percent_covered": 100.0, "percent_covered_display": "100", "missing_lines": 0, "excluded_lines": 0, "percent_statements_covered": 100.0, "percent_statements_covered_display": "100"}, "missing_lines": [], "excluded_lines": [], "start_line": 327}, "check_numbering": {"executed_lines": [333, 335, 336, 337, 338, 339, 340, 341, 342, 343, 344, 346, 347, 348, 349, 351, 352, 353, 354, 355, 356, 358, 359, 360, 361, 362, 364, 365, 376], "summary": {"covered_lines": 29, "num_statements": 29, "percent_covered": 100.0, "percent_covered_display": "100", "missing_lines": 0, "excluded_lines": 0, "percent_statements_covered": 100.0, "percent_statements_covered_display": "100"}, "missing_lines": [], "excluded_lines": [], "start_line": 331}, "section_numbering": {"executed_lines": [384, 385, 386, 387, 388, 389, 393, 395, 396, 398, 400, 401], "summary": {"covered_lines": 12, "num_statements": 13, "percent_covered": 92.3076923076923, "percent_covered_display": "92", "missing_lines": 1, "excluded_lines": 0, "percent_statements_covered": 92.3076923076923, "percent_statements_covered_display": "92"}, "missing_lines": [394], "excluded_lines": [], "start_line": 379}, "section_stock_balance": {"executed_lines": [415, 416, 418, 421, 422, 424, 425, 426, 428, 429, 430, 431, 432, 433, 434, 436, 438, 439, 440, 442, 443, 444, 445, 446, 447, 448, 449, 450, 451, 452, 453, 454, 457, 458, 459, 460, 461, 462, 463, 466, 467, 468, 469, 470, 471], "summary": {"covered_lines": 45, "num_statements": 46, "percent_covered": 97.82608695652173, "percent_covered_display": "98", "missing_lines": 1, "excluded_lines": 0, "percent_statements_covered": 97.82608695652173, "percent_statements_covered_display": "98"}, "missing_lines": [427], "excluded_lines": [], "start_line": 407}, "section_anomalies": {"executed_lines": [483, 484, 485, 486, 487, 488, 489, 491, 492, 493, 494, 495, 496, 498, 499, 500, 502, 503, 504, 505, 509, 510, 511, 512, 513], "summary": {"covered_lines": 25, "num_statements": 25, "percent_covered": 100.0, "percent_covered_display": "100", "missing_lines": 0, "excluded_lines": 0, "percent_statements_covered": 100.0, "percent_statements_covered_display": "100"}, "missing_lines": [], "excluded_lines": [], "start_line": 477}, "": {"executed_lines": [19, 21, 22, 23, 24, 26, 31, 32, 41, 114, 157, 190, 225, 278, 314, 315, 318, 319, 320, 321, 322, 323, 324, 326, 327, 331, 379, 407, 477], "summary": {"covered_lines": 29, "num_statements": 29, "percent_covered": 100.0, "percent_covered_display": "100", "missing_lines": 0, "excluded_lines": 2, "percent_statements_covered": 100.0, "percent_statements_covered_display": "100"}, "missing_lines": [], "excluded_lines": [34, 35], "start_line": 1}}, "classes": {"SeriesResult": {"executed_lines": [328], "summary": {"covered_lines": 1, "num_statements": 1, "percent_covered": 100.0, "percent_covered_display": "100", "missing_lines": 0, "excluded_lines": 0, "percent_statements_covered": 100.0, "percent_statements_covered_display": "100"}, "missing_lines": [], "excluded_lines": [], "start_line": 315}, "": {"executed_lines": [19, 21, 22, 23, 24, 26, 31, 32, 41, 48, 49, 51, 52, 53, 54, 55, 56, 57, 69, 70, 71, 72, 74, 75, 76, 77, 78, 79, 80, 81, 82, 84, 85, 86, 90, 91, 92, 93, 98, 100, 101, 102, 103, 105, 106, 108, 114, 120, 122, 123, 124, 125, 126, 137, 138, 139, 140, 141, 147, 149, 151, 157, 164, 165, 166, 167, 168, 170, 171, 172, 173, 178, 179, 180, 182, 184, 190, 196, 197, 199, 200, 201, 202, 203, 204, 206, 207, 208, 209, 214, 215, 217, 219, 225, 231, 232, 234, 235, 236, 237, 238, 239, 241, 242, 246, 247, 248, 260, 261, 262, 263, 268, 270, 272, 278, 283, 285, 286, 287, 288, 289, 290, 291, 292, 293, 294, 296, 297, 298, 299, 300, 306, 308, 314, 315, 318, 319, 320, 321, 322, 323, 324, 326, 327, 331, 333, 335, 336, 337, 338, 339, 340, 341, 342, 343, 344, 346, 347, 348, 349, 351, 352, 353, 354, 355, 356, 358, 359, 360, 361, 362, 364, 365, 376, 379, 384, 385, 386, 387, 388, 389, 393, 395, 396, 398, 400, 401, 407, 415, 416, 418, 421, 422, 424, 425, 426, 428, 429, 430, 431, 432, 433, 434, 436, 438, 439, 440, 442, 443, 444, 445, 446, 447, 448, 449, 450, 451, 452, 453, 454, 457, 458, 459, 460, 461, 462, 463, 466, 467, 468, 469, 470, 471, 477, 483, 484, 485, 486, 487, 488, 489, 491, 492, 493, 494, 495, 496, 498, 499, 500, 502, 503, 504, 505, 509, 510, 511, 512, 513], "summary": {"covered_lines": 259, "num_statements": 263, "percent_covered": 98.47908745247149, "percent_covered_display": "98", "missing_lines": 4, "excluded_lines": 2, "percent_statements_covered": 98.47908745247149, "percent_statements_covered_display": "98"}, "missing_lines": [243, 244, 394, 427], "excluded_lines": [34, 35], "start_line": 1}}}, "zdrovena/common/__init__.py": {"executed_lines": [12, 13, 18, 26], "summary": {"covered_lines": 4, "num_statements": 4, "percent_covered": 100.0, "percent_covered_display": "100", "missing_lines": 0, "excluded_lines": 0, "percent_statements_covered": 100.0, "percent_statements_covered_display": "100"}, "missing_lines": [], "excluded_lines": [], "functions": {"": {"executed_lines": [12, 13, 18, 26], "summary": {"covered_lines": 4, "num_statements": 4, "percent_covered": 100.0, "percent_covered_display": "100", "missing_lines": 0, "excluded_lines": 0, "percent_statements_covered": 100.0, "percent_statements_covered_display": "100"}, "missing_lines": [], "excluded_lines": [], "start_line": 1}}, "classes": {"": {"executed_lines": [12, 13, 18, 26], "summary": {"covered_lines": 4, "num_statements": 4, "percent_covered": 100.0, "percent_covered_display": "100", "missing_lines": 0, "excluded_lines": 0, "percent_statements_covered": 100.0, "percent_statements_covered_display": "100"}, "missing_lines": [], "excluded_lines": [], "start_line": 1}}}, "zdrovena/common/client.py": {"executed_lines": [11, 13, 14, 15, 16, 17, 18, 20, 21, 23, 33, 34, 36, 39, 42, 53, 54, 55, 56, 57, 58, 59, 60, 61, 65, 66, 86, 87, 88, 89, 93, 102, 103, 104, 105, 107, 108, 110, 122, 130, 131, 132, 133, 135, 136, 137, 139, 141, 142, 146, 165, 166, 168, 169, 178, 181, 183, 184, 186, 187, 189, 190, 191, 193, 194, 198, 202, 216, 226, 265], "summary": {"covered_lines": 70, "num_statements": 133, "percent_covered": 52.63157894736842, "percent_covered_display": "53", "missing_lines": 63, "excluded_lines": 0, "percent_statements_covered": 52.63157894736842, "percent_statements_covered_display": "53"}, "missing_lines": [179, 200, 204, 218, 219, 220, 221, 222, 223, 224, 234, 235, 236, 238, 239, 240, 241, 242, 243, 244, 246, 247, 249, 250, 251, 253, 254, 255, 256, 258, 259, 260, 261, 263, 274, 275, 276, 279, 285, 287, 288, 289, 291, 292, 293, 294, 295, 296, 297, 299, 300, 302, 303, 304, 305, 306, 307, 308, 310, 311, 312, 313, 315], "excluded_lines": [], "functions": {"FakturowniaClient.__init__": {"executed_lines": [53, 54, 55, 56, 57, 58, 59, 60, 61], "summary": {"covered_lines": 9, "num_statements": 9, "percent_covered": 100.0, "percent_covered_display": "100", "missing_lines": 0, "excluded_lines": 0, "percent_statements_covered": 100.0, "percent_statements_covered_display": "100"}, "missing_lines": [], "excluded_lines": [], "start_line": 42}, "FakturowniaClient.from_keyring": {"executed_lines": [86, 87, 88, 89], "summary": {"covered_lines": 4, "num_statements": 4, "percent_covered": 100.0, "percent_covered_display": "100", "missing_lines": 0, "excluded_lines": 0, "percent_statements_covered": 100.0, "percent_statements_covered_display": "100"}, "missing_lines": [], "excluded_lines": [], "start_line": 66}, "FakturowniaClient._request": {"executed_lines": [102, 103, 104, 105, 107, 108, 110], "summary": {"covered_lines": 7, "num_statements": 7, "percent_covered": 100.0, "percent_covered_display": "100", "missing_lines": 0, "excluded_lines": 0, "percent_statements_covered": 100.0, "percent_statements_covered_display": "100"}, "missing_lines": [], "excluded_lines": [], "start_line": 93}, "FakturowniaClient.get_json": {"executed_lines": [130, 131, 132, 133, 135, 136, 137], "summary": {"covered_lines": 7, "num_statements": 7, "percent_covered": 100.0, "percent_covered_display": "100", "missing_lines": 0, "excluded_lines": 0, "percent_statements_covered": 100.0, "percent_statements_covered_display": "100"}, "missing_lines": [], "excluded_lines": [], "start_line": 122}, "FakturowniaClient.get_binary": {"executed_lines": [141, 142], "summary": {"covered_lines": 2, "num_statements": 2, "percent_covered": 100.0, "percent_covered_display": "100", "missing_lines": 0, "excluded_lines": 0, "percent_statements_covered": 100.0, "percent_statements_covered_display": "100"}, "missing_lines": [], "excluded_lines": [], "start_line": 139}, "FakturowniaClient.fetch_invoices": {"executed_lines": [165, 166, 168, 169, 178, 181, 183, 184, 186, 187, 189, 190, 191, 193, 194], "summary": {"covered_lines": 15, "num_statements": 16, "percent_covered": 93.75, "percent_covered_display": "94", "missing_lines": 1, "excluded_lines": 0, "percent_statements_covered": 93.75, "percent_statements_covered_display": "94"}, "missing_lines": [179], "excluded_lines": [], "start_line": 146}, "FakturowniaClient.fetch_sales_invoices": {"executed_lines": [], "summary": {"covered_lines": 0, "num_statements": 1, "percent_covered": 0.0, "percent_covered_display": "0", "missing_lines": 1, "excluded_lines": 0, "percent_statements_covered": 0.0, "percent_statements_covered_display": "0"}, "missing_lines": [200], "excluded_lines": [], "start_line": 198}, "FakturowniaClient.fetch_cost_invoices": {"executed_lines": [], "summary": {"covered_lines": 0, "num_statements": 1, "percent_covered": 0.0, "percent_covered_display": "0", "missing_lines": 1, "excluded_lines": 0, "percent_statements_covered": 0.0, "percent_statements_covered_display": "0"}, "missing_lines": [204], "excluded_lines": [], "start_line": 202}, "FakturowniaClient.download_pdf": {"executed_lines": [], "summary": {"covered_lines": 0, "num_statements": 7, "percent_covered": 0.0, "percent_covered_display": "0", "missing_lines": 7, "excluded_lines": 0, "percent_statements_covered": 0.0, "percent_statements_covered_display": "0"}, "missing_lines": [218, 219, 220, 221, 222, 223, 224], "excluded_lines": [], "start_line": 216}, "FakturowniaClient.download_all_pdfs": {"executed_lines": [], "summary": {"covered_lines": 0, "num_statements": 24, "percent_covered": 0.0, "percent_covered_display": "0", "missing_lines": 24, "excluded_lines": 0, "percent_statements_covered": 0.0, "percent_statements_covered_display": "0"}, "missing_lines": [234, 235, 236, 238, 239, 240, 241, 242, 243, 244, 246, 247, 249, 250, 251, 253, 254, 255, 256, 258, 259, 260, 261, 263], "excluded_lines": [], "start_line": 226}, "FakturowniaClient.download_cost_pdfs": {"executed_lines": [], "summary": {"covered_lines": 0, "num_statements": 25, "percent_covered": 0.0, "percent_covered_display": "0", "missing_lines": 25, "excluded_lines": 0, "percent_statements_covered": 0.0, "percent_statements_covered_display": "0"}, "missing_lines": [274, 287, 288, 289, 291, 292, 293, 294, 295, 296, 297, 299, 300, 302, 303, 304, 305, 306, 307, 308, 310, 311, 312, 313, 315], "excluded_lines": [], "start_line": 265}, "FakturowniaClient.download_cost_pdfs._cost_name": {"executed_lines": [], "summary": {"covered_lines": 0, "num_statements": 4, "percent_covered": 0.0, "percent_covered_display": "0", "missing_lines": 4, "excluded_lines": 0, "percent_statements_covered": 0.0, "percent_statements_covered_display": "0"}, "missing_lines": [275, 276, 279, 285], "excluded_lines": [], "start_line": 274}, "": {"executed_lines": [11, 13, 14, 15, 16, 17, 18, 20, 21, 23, 33, 34, 36, 39, 42, 65, 66, 93, 122, 139, 146, 198, 202, 216, 226, 265], "summary": {"covered_lines": 26, "num_statements": 26, "percent_covered": 100.0, "percent_covered_display": "100", "missing_lines": 0, "excluded_lines": 0, "percent_statements_covered": 100.0, "percent_statements_covered_display": "100"}, "missing_lines": [], "excluded_lines": [], "start_line": 1}}, "classes": {"FakturowniaClient": {"executed_lines": [53, 54, 55, 56, 57, 58, 59, 60, 61, 86, 87, 88, 89, 102, 103, 104, 105, 107, 108, 110, 130, 131, 132, 133, 135, 136, 137, 141, 142, 165, 166, 168, 169, 178, 181, 183, 184, 186, 187, 189, 190, 191, 193, 194], "summary": {"covered_lines": 44, "num_statements": 107, "percent_covered": 41.12149532710281, "percent_covered_display": "41", "missing_lines": 63, "excluded_lines": 0, "percent_statements_covered": 41.12149532710281, "percent_statements_covered_display": "41"}, "missing_lines": [179, 200, 204, 218, 219, 220, 221, 222, 223, 224, 234, 235, 236, 238, 239, 240, 241, 242, 243, 244, 246, 247, 249, 250, 251, 253, 254, 255, 256, 258, 259, 260, 261, 263, 274, 275, 276, 279, 285, 287, 288, 289, 291, 292, 293, 294, 295, 296, 297, 299, 300, 302, 303, 304, 305, 306, 307, 308, 310, 311, 312, 313, 315], "excluded_lines": [], "start_line": 39}, "": {"executed_lines": [11, 13, 14, 15, 16, 17, 18, 20, 21, 23, 33, 34, 36, 39, 42, 65, 66, 93, 122, 139, 146, 198, 202, 216, 226, 265], "summary": {"covered_lines": 26, "num_statements": 26, "percent_covered": 100.0, "percent_covered_display": "100", "missing_lines": 0, "excluded_lines": 0, "percent_statements_covered": 100.0, "percent_statements_covered_display": "100"}, "missing_lines": [], "excluded_lines": [], "start_line": 1}}}, "zdrovena/common/config.py": {"executed_lines": [9, 13, 16, 17, 18, 19, 22, 23, 24, 25, 28, 29, 30, 33, 34, 35, 36, 40, 41, 42, 43, 44], "summary": {"covered_lines": 22, "num_statements": 22, "percent_covered": 100.0, "percent_covered_display": "100", "missing_lines": 0, "excluded_lines": 0, "percent_statements_covered": 100.0, "percent_statements_covered_display": "100"}, "missing_lines": [], "excluded_lines": [], "functions": {"": {"executed_lines": [9, 13, 16, 17, 18, 19, 22, 23, 24, 25, 28, 29, 30, 33, 34, 35, 36, 40, 41, 42, 43, 44], "summary": {"covered_lines": 22, "num_statements": 22, "percent_covered": 100.0, "percent_covered_display": "100", "missing_lines": 0, "excluded_lines": 0, "percent_statements_covered": 100.0, "percent_statements_covered_display": "100"}, "missing_lines": [], "excluded_lines": [], "start_line": 1}}, "classes": {"": {"executed_lines": [9, 13, 16, 17, 18, 19, 22, 23, 24, 25, 28, 29, 30, 33, 34, 35, 36, 40, 41, 42, 43, 44], "summary": {"covered_lines": 22, "num_statements": 22, "percent_covered": 100.0, "percent_covered_display": "100", "missing_lines": 0, "excluded_lines": 0, "percent_statements_covered": 100.0, "percent_statements_covered_display": "100"}, "missing_lines": [], "excluded_lines": [], "start_line": 1}}}, "zdrovena/common/exceptions.py": {"executed_lines": [15, 18, 22, 25, 26, 27, 28, 29, 34, 37, 38, 39, 40, 41, 42, 45, 48, 49, 50, 51, 54, 57, 58, 59, 60], "summary": {"covered_lines": 25, "num_statements": 25, "percent_covered": 100.0, "percent_covered_display": "100", "missing_lines": 0, "excluded_lines": 0, "percent_statements_covered": 100.0, "percent_statements_covered_display": "100"}, "missing_lines": [], "excluded_lines": [], "functions": {"MissingSecretError.__init__": {"executed_lines": [26, 27, 28, 29], "summary": {"covered_lines": 4, "num_statements": 4, "percent_covered": 100.0, "percent_covered_display": "100", "missing_lines": 0, "excluded_lines": 0, "percent_statements_covered": 100.0, "percent_statements_covered_display": "100"}, "missing_lines": [], "excluded_lines": [], "start_line": 25}, "APIError.__init__": {"executed_lines": [38, 39, 40, 41, 42], "summary": {"covered_lines": 5, "num_statements": 5, "percent_covered": 100.0, "percent_covered_display": "100", "missing_lines": 0, "excluded_lines": 0, "percent_statements_covered": 100.0, "percent_statements_covered_display": "100"}, "missing_lines": [], "excluded_lines": [], "start_line": 37}, "ApiResponseFormatError.__init__": {"executed_lines": [49, 50, 51], "summary": {"covered_lines": 3, "num_statements": 3, "percent_covered": 100.0, "percent_covered_display": "100", "missing_lines": 0, "excluded_lines": 0, "percent_statements_covered": 100.0, "percent_statements_covered_display": "100"}, "missing_lines": [], "excluded_lines": [], "start_line": 48}, "PipelineAbortError.__init__": {"executed_lines": [58, 59, 60], "summary": {"covered_lines": 3, "num_statements": 3, "percent_covered": 100.0, "percent_covered_display": "100", "missing_lines": 0, "excluded_lines": 0, "percent_statements_covered": 100.0, "percent_statements_covered_display": "100"}, "missing_lines": [], "excluded_lines": [], "start_line": 57}, "": {"executed_lines": [15, 18, 22, 25, 34, 37, 45, 48, 54, 57], "summary": {"covered_lines": 10, "num_statements": 10, "percent_covered": 100.0, "percent_covered_display": "100", "missing_lines": 0, "excluded_lines": 0, "percent_statements_covered": 100.0, "percent_statements_covered_display": "100"}, "missing_lines": [], "excluded_lines": [], "start_line": 1}}, "classes": {"ZdrovenaError": {"executed_lines": [], "summary": {"covered_lines": 0, "num_statements": 0, "percent_covered": 100.0, "percent_covered_display": "100", "missing_lines": 0, "excluded_lines": 0, "percent_statements_covered": 100.0, "percent_statements_covered_display": "100"}, "missing_lines": [], "excluded_lines": [], "start_line": 18}, "MissingSecretError": {"executed_lines": [26, 27, 28, 29], "summary": {"covered_lines": 4, "num_statements": 4, "percent_covered": 100.0, "percent_covered_display": "100", "missing_lines": 0, "excluded_lines": 0, "percent_statements_covered": 100.0, "percent_statements_covered_display": "100"}, "missing_lines": [], "excluded_lines": [], "start_line": 22}, "APIError": {"executed_lines": [38, 39, 40, 41, 42], "summary": {"covered_lines": 5, "num_statements": 5, "percent_covered": 100.0, "percent_covered_display": "100", "missing_lines": 0, "excluded_lines": 0, "percent_statements_covered": 100.0, "percent_statements_covered_display": "100"}, "missing_lines": [], "excluded_lines": [], "start_line": 34}, "ApiResponseFormatError": {"executed_lines": [49, 50, 51], "summary": {"covered_lines": 3, "num_statements": 3, "percent_covered": 100.0, "percent_covered_display": "100", "missing_lines": 0, "excluded_lines": 0, "percent_statements_covered": 100.0, "percent_statements_covered_display": "100"}, "missing_lines": [], "excluded_lines": [], "start_line": 45}, "PipelineAbortError": {"executed_lines": [58, 59, 60], "summary": {"covered_lines": 3, "num_statements": 3, "percent_covered": 100.0, "percent_covered_display": "100", "missing_lines": 0, "excluded_lines": 0, "percent_statements_covered": 100.0, "percent_statements_covered_display": "100"}, "missing_lines": [], "excluded_lines": [], "start_line": 54}, "": {"executed_lines": [15, 18, 22, 25, 34, 37, 45, 48, 54, 57], "summary": {"covered_lines": 10, "num_statements": 10, "percent_covered": 100.0, "percent_covered_display": "100", "missing_lines": 0, "excluded_lines": 0, "percent_statements_covered": 100.0, "percent_statements_covered_display": "100"}, "missing_lines": [], "excluded_lines": [], "start_line": 1}}}, "zdrovena/common/formatting.py": {"executed_lines": [5, 8, 9, 10, 11, 12, 13, 14, 15, 18, 33, 48, 63, 64, 67, 69, 70, 71, 76, 79, 81, 82, 83, 84, 85, 86], "summary": {"covered_lines": 26, "num_statements": 26, "percent_covered": 100.0, "percent_covered_display": "100", "missing_lines": 0, "excluded_lines": 0, "percent_statements_covered": 100.0, "percent_statements_covered_display": "100"}, "missing_lines": [], "excluded_lines": [], "functions": {"status_icon": {"executed_lines": [69, 70, 71], "summary": {"covered_lines": 3, "num_statements": 3, "percent_covered": 100.0, "percent_covered_display": "100", "missing_lines": 0, "excluded_lines": 0, "percent_statements_covered": 100.0, "percent_statements_covered_display": "100"}, "missing_lines": [], "excluded_lines": [], "start_line": 67}, "to_decimal": {"executed_lines": [81, 82, 83, 84, 85, 86], "summary": {"covered_lines": 6, "num_statements": 6, "percent_covered": 100.0, "percent_covered_display": "100", "missing_lines": 0, "excluded_lines": 0, "percent_statements_covered": 100.0, "percent_statements_covered_display": "100"}, "missing_lines": [], "excluded_lines": [], "start_line": 79}, "": {"executed_lines": [5, 8, 9, 10, 11, 12, 13, 14, 15, 18, 33, 48, 63, 64, 67, 76, 79], "summary": {"covered_lines": 17, "num_statements": 17, "percent_covered": 100.0, "percent_covered_display": "100", "missing_lines": 0, "excluded_lines": 0, "percent_statements_covered": 100.0, "percent_statements_covered_display": "100"}, "missing_lines": [], "excluded_lines": [], "start_line": 1}}, "classes": {"": {"executed_lines": [5, 8, 9, 10, 11, 12, 13, 14, 15, 18, 33, 48, 63, 64, 67, 69, 70, 71, 76, 79, 81, 82, 83, 84, 85, 86], "summary": {"covered_lines": 26, "num_statements": 26, "percent_covered": 100.0, "percent_covered_display": "100", "missing_lines": 0, "excluded_lines": 0, "percent_statements_covered": 100.0, "percent_statements_covered_display": "100"}, "missing_lines": [], "excluded_lines": [], "start_line": 1}}}, "zdrovena/common/retry.py": {"executed_lines": [14, 16, 17, 18, 19, 20, 22, 24, 26, 28, 31, 34, 36, 37, 38, 41, 78, 79, 80, 82, 83, 84, 85, 86, 87, 88, 89, 90, 97, 98, 100, 101, 102, 103, 104, 105, 106, 107, 110, 111, 112, 114], "summary": {"covered_lines": 42, "num_statements": 44, "percent_covered": 95.45454545454545, "percent_covered_display": "95", "missing_lines": 2, "excluded_lines": 0, "percent_statements_covered": 95.45454545454545, "percent_statements_covered_display": "95"}, "missing_lines": [108, 109], "excluded_lines": [], "functions": {"_jittered_delay": {"executed_lines": [36, 37, 38], "summary": {"covered_lines": 3, "num_statements": 3, "percent_covered": 100.0, "percent_covered_display": "100", "missing_lines": 0, "excluded_lines": 0, "percent_statements_covered": 100.0, "percent_statements_covered_display": "100"}, "missing_lines": [], "excluded_lines": [], "start_line": 34}, "retry_request": {"executed_lines": [78, 79, 80, 82, 83, 84, 85, 86, 87, 88, 89, 90, 97, 98, 100, 101, 102, 103, 104, 105, 106, 107, 110, 111, 112, 114], "summary": {"covered_lines": 26, "num_statements": 28, "percent_covered": 92.85714285714286, "percent_covered_display": "93", "missing_lines": 2, "excluded_lines": 0, "percent_statements_covered": 92.85714285714286, "percent_statements_covered_display": "93"}, "missing_lines": [108, 109], "excluded_lines": [], "start_line": 41}, "": {"executed_lines": [14, 16, 17, 18, 19, 20, 22, 24, 26, 28, 31, 34, 41], "summary": {"covered_lines": 13, "num_statements": 13, "percent_covered": 100.0, "percent_covered_display": "100", "missing_lines": 0, "excluded_lines": 0, "percent_statements_covered": 100.0, "percent_statements_covered_display": "100"}, "missing_lines": [], "excluded_lines": [], "start_line": 1}}, "classes": {"": {"executed_lines": [14, 16, 17, 18, 19, 20, 22, 24, 26, 28, 31, 34, 36, 37, 38, 41, 78, 79, 80, 82, 83, 84, 85, 86, 87, 88, 89, 90, 97, 98, 100, 101, 102, 103, 104, 105, 106, 107, 110, 111, 112, 114], "summary": {"covered_lines": 42, "num_statements": 44, "percent_covered": 95.45454545454545, "percent_covered_display": "95", "missing_lines": 2, "excluded_lines": 0, "percent_statements_covered": 95.45454545454545, "percent_statements_covered_display": "95"}, "missing_lines": [108, 109], "excluded_lines": [], "start_line": 1}}}, "zdrovena/common/secrets.py": {"executed_lines": [14, 16, 17, 19, 20, 22, 26, 27, 29, 32, 45, 46, 47, 48, 51, 52, 53, 54, 55, 60, 61, 68, 69, 70], "summary": {"covered_lines": 24, "num_statements": 32, "percent_covered": 75.0, "percent_covered_display": "75", "missing_lines": 8, "excluded_lines": 0, "percent_statements_covered": 75.0, "percent_statements_covered_display": "75"}, "missing_lines": [23, 24, 56, 57, 62, 64, 65, 66], "excluded_lines": [], "functions": {"get_secret": {"executed_lines": [45, 46, 47, 48, 51, 52, 53, 54, 55, 60, 61, 68, 69, 70], "summary": {"covered_lines": 14, "num_statements": 20, "percent_covered": 70.0, "percent_covered_display": "70", "missing_lines": 6, "excluded_lines": 0, "percent_statements_covered": 70.0, "percent_statements_covered_display": "70"}, "missing_lines": [56, 57, 62, 64, 65, 66], "excluded_lines": [], "start_line": 32}, "": {"executed_lines": [14, 16, 17, 19, 20, 22, 26, 27, 29, 32], "summary": {"covered_lines": 10, "num_statements": 12, "percent_covered": 83.33333333333333, "percent_covered_display": "83", "missing_lines": 2, "excluded_lines": 0, "percent_statements_covered": 83.33333333333333, "percent_statements_covered_display": "83"}, "missing_lines": [23, 24], "excluded_lines": [], "start_line": 1}}, "classes": {"": {"executed_lines": [14, 16, 17, 19, 20, 22, 26, 27, 29, 32, 45, 46, 47, 48, 51, 52, 53, 54, 55, 60, 61, 68, 69, 70], "summary": {"covered_lines": 24, "num_statements": 32, "percent_covered": 75.0, "percent_covered_display": "75", "missing_lines": 8, "excluded_lines": 0, "percent_statements_covered": 75.0, "percent_statements_covered_display": "75"}, "missing_lines": [23, 24, 56, 57, 62, 64, 65, 66], "excluded_lines": [], "start_line": 1}}}, "zdrovena/common/storage.py": {"executed_lines": [29, 31, 32, 33, 34, 35, 36, 37, 38, 40, 42, 43, 46, 47, 48, 50, 51, 54, 55, 56, 58, 59, 62, 63, 64, 65, 66, 72, 73, 74, 75, 76, 77, 78, 79, 85, 88, 89, 91, 92, 93, 94, 95, 97, 98, 99, 100, 101, 102, 104, 106, 107, 108, 109, 110, 111, 112, 113, 114, 116, 117, 118, 119, 120, 121, 122, 123, 124, 125, 132, 134, 135, 136, 138, 139, 145, 158, 193, 194, 195, 196, 197, 199, 200, 201, 202, 203, 205, 206, 207, 208, 217, 223, 224, 225, 227, 228, 229, 231, 239, 258, 261, 262, 263, 264, 265, 266, 267], "summary": {"covered_lines": 108, "num_statements": 130, "percent_covered": 83.07692307692308, "percent_covered_display": "83", "missing_lines": 22, "excluded_lines": 0, "percent_statements_covered": 83.07692307692308, "percent_statements_covered_display": "83"}, "missing_lines": [45, 53, 165, 166, 170, 171, 172, 173, 176, 177, 178, 179, 183, 184, 185, 186, 188, 189, 190, 191, 232, 233], "excluded_lines": [], "functions": {"StorageService.upload": {"executed_lines": [74], "summary": {"covered_lines": 1, "num_statements": 1, "percent_covered": 100.0, "percent_covered_display": "100", "missing_lines": 0, "excluded_lines": 0, "percent_statements_covered": 100.0, "percent_statements_covered_display": "100"}, "missing_lines": [], "excluded_lines": [], "start_line": 74}, "StorageService.download": {"executed_lines": [75], "summary": {"covered_lines": 1, "num_statements": 1, "percent_covered": 100.0, "percent_covered_display": "100", "missing_lines": 0, "excluded_lines": 0, "percent_statements_covered": 100.0, "percent_statements_covered_display": "100"}, "missing_lines": [], "excluded_lines": [], "start_line": 75}, "StorageService.stream": {"executed_lines": [76], "summary": {"covered_lines": 1, "num_statements": 1, "percent_covered": 100.0, "percent_covered_display": "100", "missing_lines": 0, "excluded_lines": 0, "percent_statements_covered": 100.0, "percent_statements_covered_display": "100"}, "missing_lines": [], "excluded_lines": [], "start_line": 76}, "StorageService.list_files": {"executed_lines": [77], "summary": {"covered_lines": 1, "num_statements": 1, "percent_covered": 100.0, "percent_covered_display": "100", "missing_lines": 0, "excluded_lines": 0, "percent_statements_covered": 100.0, "percent_statements_covered_display": "100"}, "missing_lines": [], "excluded_lines": [], "start_line": 77}, "StorageService.exists": {"executed_lines": [78], "summary": {"covered_lines": 1, "num_statements": 1, "percent_covered": 100.0, "percent_covered_display": "100", "missing_lines": 0, "excluded_lines": 0, "percent_statements_covered": 100.0, "percent_statements_covered_display": "100"}, "missing_lines": [], "excluded_lines": [], "start_line": 78}, "StorageService.delete": {"executed_lines": [79], "summary": {"covered_lines": 1, "num_statements": 1, "percent_covered": 100.0, "percent_covered_display": "100", "missing_lines": 0, "excluded_lines": 0, "percent_statements_covered": 100.0, "percent_statements_covered_display": "100"}, "missing_lines": [], "excluded_lines": [], "start_line": 79}, "LocalStorageService.__init__": {"executed_lines": [89], "summary": {"covered_lines": 1, "num_statements": 1, "percent_covered": 100.0, "percent_covered_display": "100", "missing_lines": 0, "excluded_lines": 0, "percent_statements_covered": 100.0, "percent_statements_covered_display": "100"}, "missing_lines": [], "excluded_lines": [], "start_line": 88}, "LocalStorageService.upload": {"executed_lines": [92, 93, 94, 95], "summary": {"covered_lines": 4, "num_statements": 4, "percent_covered": 100.0, "percent_covered_display": "100", "missing_lines": 0, "excluded_lines": 0, "percent_statements_covered": 100.0, "percent_statements_covered_display": "100"}, "missing_lines": [], "excluded_lines": [], "start_line": 91}, "LocalStorageService.download": {"executed_lines": [98, 99, 100, 101, 102], "summary": {"covered_lines": 5, "num_statements": 5, "percent_covered": 100.0, "percent_covered_display": "100", "missing_lines": 0, "excluded_lines": 0, "percent_statements_covered": 100.0, "percent_statements_covered_display": "100"}, "missing_lines": [], "excluded_lines": [], "start_line": 97}, "LocalStorageService.stream": {"executed_lines": [106, 107, 108, 109, 110, 111, 112, 113, 114], "summary": {"covered_lines": 9, "num_statements": 9, "percent_covered": 100.0, "percent_covered_display": "100", "missing_lines": 0, "excluded_lines": 0, "percent_statements_covered": 100.0, "percent_statements_covered_display": "100"}, "missing_lines": [], "excluded_lines": [], "start_line": 104}, "LocalStorageService.list_files": {"executed_lines": [117, 118, 119, 120, 121, 122, 123, 124, 125, 132], "summary": {"covered_lines": 10, "num_statements": 10, "percent_covered": 100.0, "percent_covered_display": "100", "missing_lines": 0, "excluded_lines": 0, "percent_statements_covered": 100.0, "percent_statements_covered_display": "100"}, "missing_lines": [], "excluded_lines": [], "start_line": 116}, "LocalStorageService.delete": {"executed_lines": [135, 136], "summary": {"covered_lines": 2, "num_statements": 2, "percent_covered": 100.0, "percent_covered_display": "100", "missing_lines": 0, "excluded_lines": 0, "percent_statements_covered": 100.0, "percent_statements_covered_display": "100"}, "missing_lines": [], "excluded_lines": [], "start_line": 134}, "LocalStorageService.exists": {"executed_lines": [139], "summary": {"covered_lines": 1, "num_statements": 1, "percent_covered": 100.0, "percent_covered_display": "100", "missing_lines": 0, "excluded_lines": 0, "percent_statements_covered": 100.0, "percent_statements_covered_display": "100"}, "missing_lines": [], "excluded_lines": [], "start_line": 138}, "BlobStorageService.__init__": {"executed_lines": [], "summary": {"covered_lines": 0, "num_statements": 18, "percent_covered": 0.0, "percent_covered_display": "0", "missing_lines": 18, "excluded_lines": 0, "percent_statements_covered": 0.0, "percent_statements_covered_display": "0"}, "missing_lines": [165, 166, 170, 171, 172, 173, 176, 177, 178, 179, 183, 184, 185, 186, 188, 189, 190, 191], "excluded_lines": [], "start_line": 158}, "BlobStorageService.upload": {"executed_lines": [194, 195, 196, 197], "summary": {"covered_lines": 4, "num_statements": 4, "percent_covered": 100.0, "percent_covered_display": "100", "missing_lines": 0, "excluded_lines": 0, "percent_statements_covered": 100.0, "percent_statements_covered_display": "100"}, "missing_lines": [], "excluded_lines": [], "start_line": 193}, "BlobStorageService.download": {"executed_lines": [200, 201, 202, 203], "summary": {"covered_lines": 4, "num_statements": 4, "percent_covered": 100.0, "percent_covered_display": "100", "missing_lines": 0, "excluded_lines": 0, "percent_statements_covered": 100.0, "percent_statements_covered_display": "100"}, "missing_lines": [], "excluded_lines": [], "start_line": 199}, "BlobStorageService.list_files": {"executed_lines": [206, 207, 208], "summary": {"covered_lines": 3, "num_statements": 3, "percent_covered": 100.0, "percent_covered_display": "100", "missing_lines": 0, "excluded_lines": 0, "percent_statements_covered": 100.0, "percent_statements_covered_display": "100"}, "missing_lines": [], "excluded_lines": [], "start_line": 205}, "BlobStorageService.stream": {"executed_lines": [223, 224, 225], "summary": {"covered_lines": 3, "num_statements": 3, "percent_covered": 100.0, "percent_covered_display": "100", "missing_lines": 0, "excluded_lines": 0, "percent_statements_covered": 100.0, "percent_statements_covered_display": "100"}, "missing_lines": [], "excluded_lines": [], "start_line": 217}, "BlobStorageService.delete": {"executed_lines": [228, 229], "summary": {"covered_lines": 2, "num_statements": 2, "percent_covered": 100.0, "percent_covered_display": "100", "missing_lines": 0, "excluded_lines": 0, "percent_statements_covered": 100.0, "percent_statements_covered_display": "100"}, "missing_lines": [], "excluded_lines": [], "start_line": 227}, "BlobStorageService.exists": {"executed_lines": [], "summary": {"covered_lines": 0, "num_statements": 2, "percent_covered": 0.0, "percent_covered_display": "0", "missing_lines": 2, "excluded_lines": 0, "percent_statements_covered": 0.0, "percent_statements_covered_display": "0"}, "missing_lines": [232, 233], "excluded_lines": [], "start_line": 231}, "get_storage_service": {"executed_lines": [258, 261, 262, 263, 264, 265, 266, 267], "summary": {"c
[...]
rcent_statements_covered_display": "100"}, "missing_lines": [], "excluded_lines": [], "start_line": 622}, "MonthCloseOrchestrator._step_6_zip_archive": {"executed_lines": [], "summary": {"covered_lines": 0, "num_statements": 10, "percent_covered": 0.0, "percent_covered_display": "0", "missing_lines": 10, "excluded_lines": 0, "percent_statements_covered": 0.0, "percent_statements_covered_display": "0"}, "missing_lines": [649, 650, 651, 652, 653, 654, 655, 656, 657, 658], "excluded_lines": [], "start_line": 648}, "MonthCloseOrchestrator._step_7_email": {"executed_lines": [661, 662, 663, 664], "summary": {"covered_lines": 4, "num_statements": 18, "percent_covered": 22.22222222222222, "percent_covered_display": "22", "missing_lines": 14, "excluded_lines": 0, "percent_statements_covered": 22.22222222222222, "percent_statements_covered_display": "22"}, "missing_lines": [668, 669, 670, 671, 672, 673, 674, 675, 676, 677, 678, 681, 682, 683], "excluded_lines": [], "start_line": 660}, "MonthCloseOrchestrator._print_summary": {"executed_lines": [688, 689, 690, 691, 692, 693, 694, 697, 698, 699, 702, 703, 704, 709, 714], "summary": {"covered_lines": 15, "num_statements": 25, "percent_covered": 60.0, "percent_covered_display": "60", "missing_lines": 10, "excluded_lines": 0, "percent_statements_covered": 60.0, "percent_statements_covered_display": "60"}, "missing_lines": [695, 696, 705, 706, 707, 708, 710, 711, 712, 713], "excluded_lines": [], "start_line": 687}, "MonthCloseOrchestrator._build_email_body": {"executed_lines": [], "summary": {"covered_lines": 0, "num_statements": 2, "percent_covered": 0.0, "percent_covered_display": "0", "missing_lines": 2, "excluded_lines": 0, "percent_statements_covered": 0.0, "percent_statements_covered_display": "0"}, "missing_lines": [717, 727], "excluded_lines": [], "start_line": 716}, "": {"executed_lines": [18, 20, 21, 22, 23, 24, 25, 27, 28, 29, 30, 31, 32, 48, 49, 50, 51, 56, 57, 58, 59, 60, 62, 65, 66, 67, 68, 69, 70, 71, 72, 73, 74, 75, 76, 77, 78, 79, 81, 82, 86, 87, 128, 129, 132, 139, 146, 167, 186, 203, 218, 249, 260, 309, 346, 600, 622, 648, 660, 687, 716], "summary": {"covered_lines": 61, "num_statements": 61, "percent_covered": 100.0, "percent_covered_display": "100", "missing_lines": 0, "excluded_lines": 0, "percent_statements_covered": 100.0, "percent_statements_covered_display": "100"}, "missing_lines": [], "excluded_lines": [], "start_line": 1}}, "classes": {"CloseReport": {"executed_lines": [83], "summary": {"covered_lines": 1, "num_statements": 1, "percent_covered": 100.0, "percent_covered_display": "100", "missing_lines": 0, "excluded_lines": 0, "percent_statements_covered": 100.0, "percent_statements_covered_display": "100"}, "missing_lines": [], "excluded_lines": [], "start_line": 66}, "MonthCloseOrchestrator": {"executed_lines": [97, 98, 99, 100, 102, 103, 104, 105, 106, 107, 108, 109, 110, 111, 112, 113, 114, 116, 117, 118, 120, 121, 122, 124, 125, 126, 130, 140, 141, 147, 148, 149, 150, 151, 152, 153, 154, 155, 156, 157, 158, 164, 165, 219, 220, 231, 232, 233, 234, 236, 237, 247, 629, 630, 632, 633, 634, 636, 637, 641, 643, 661, 662, 663, 664, 688, 689, 690, 691, 692, 693, 694, 697, 698, 699, 702, 703, 704, 709, 714], "summary": {"covered_lines": 80, "num_statements": 386, "percent_covered": 20.72538860103627, "percent_covered_display": "21", "missing_lines": 306, "excluded_lines": 0, "percent_statements_covered": 20.72538860103627, "percent_statements_covered_display": "21"}, "missing_lines": [133, 134, 135, 136, 137, 142, 159, 160, 161, 162, 168, 169, 170, 171, 172, 173, 174, 175, 176, 177, 178, 179, 180, 181, 183, 184, 187, 188, 189, 190, 191, 192, 194, 195, 196, 197, 198, 199, 200, 201, 204, 205, 206, 207, 208, 209, 210, 211, 213, 214, 238, 239, 240, 241, 245, 246, 250, 251, 252, 253, 254, 255, 256, 257, 258, 261, 262, 263, 264, 265, 266, 267, 271, 272, 273, 277, 282, 283, 284, 285, 286, 290, 291, 292, 293, 294, 295, 296, 298, 300, 301, 305, 306, 307, 310, 312, 315, 316, 317, 319, 320, 321, 322, 328, 329, 330, 331, 332, 333, 335, 336, 338, 339, 341, 347, 348, 349, 350, 354, 355, 358, 359, 360, 361, 362, 363, 364, 365, 368, 369, 370, 371, 372, 374, 377, 378, 379, 380, 383, 384, 385, 386, 387, 388, 389, 395, 400, 408, 409, 410, 411, 412, 413, 414, 415, 416, 417, 418, 419, 421, 422, 425, 426, 427, 430, 431, 432, 433, 434, 435, 436, 438, 441, 442, 443, 444, 445, 446, 447, 450, 459, 468, 469, 470, 471, 472, 473, 474, 476, 477, 480, 481, 482, 483, 485, 486, 487, 496, 497, 498, 499, 500, 504, 506, 507, 508, 514, 515, 516, 518, 521, 522, 523, 524, 525, 526, 527, 528, 529, 530, 531, 532, 533, 534, 535, 536, 537, 538, 539, 540, 546, 547, 548, 549, 551, 552, 553, 556, 557, 558, 559, 563, 564, 565, 566, 567, 568, 569, 574, 575, 577, 580, 587, 588, 589, 591, 592, 593, 597, 598, 601, 602, 609, 610, 611, 612, 613, 615, 616, 620, 649, 650, 651, 652, 653, 654, 655, 656, 657, 658, 668, 669, 670, 671, 672, 673, 674, 675, 676, 677, 678, 681, 682, 683, 695, 696, 705, 706, 707, 708, 710, 711, 712, 713, 717, 727], "excluded_lines": [], "start_line": 86}, "": {"executed_lines": [18, 20, 21, 22, 23, 24, 25, 27, 28, 29, 30, 31, 32, 48, 49, 50, 51, 56, 57, 58, 59, 60, 62, 65, 66, 67, 68, 69, 70, 71, 72, 73, 74, 75, 76, 77, 78, 79, 81, 82, 86, 87, 128, 129, 132, 139, 146, 167, 186, 203, 218, 249, 260, 309, 346, 600, 622, 648, 660, 687, 716], "summary": {"covered_lines": 61, "num_statements": 61, "percent_covered": 100.0, "percent_covered_display": "100", "missing_lines": 0, "excluded_lines": 0, "percent_statements_covered": 100.0, "percent_statements_covered_display": "100"}, "missing_lines": [], "excluded_lines": [], "start_line": 1}}}, "zdrovena/month_closing/preflight.py": {"executed_lines": [8, 10, 11, 12, 13, 14, 15, 17, 23, 25, 28, 29, 30, 31, 32, 33, 34, 37, 38, 50, 51, 52, 53, 54, 55, 56, 57, 58, 59, 61, 62, 64, 65, 66, 67, 77, 78, 84, 85, 90, 92, 103, 128, 129, 130, 136, 137, 138, 144, 145, 146, 147, 156, 157, 159, 160, 161, 162, 169, 170, 171, 172, 173, 174, 175, 177, 178, 180, 196, 211, 212, 213, 214, 215, 216, 223, 224, 225, 232, 233, 234, 235, 237, 238, 239, 244, 247, 255, 256, 257, 259, 260, 264, 265, 268, 269, 273, 274, 275, 278, 279, 280, 281, 284, 285, 290, 291, 292, 295, 296, 297, 300, 301, 302, 303, 304, 305, 308, 309, 310, 312, 313, 314, 315, 316, 317, 321], "summary": {"covered_lines": 127, "num_statements": 221, "percent_covered": 57.46606334841629, "percent_covered_display": "57", "missing_lines": 94, "excluded_lines": 0, "percent_statements_covered": 57.46606334841629, "percent_statements_covered_display": "57"}, "missing_lines": [68, 69, 70, 71, 72, 73, 75, 79, 80, 81, 82, 86, 87, 88, 93, 94, 95, 96, 97, 98, 101, 104, 105, 106, 107, 108, 109, 110, 111, 112, 114, 115, 116, 117, 118, 119, 120, 121, 122, 123, 124, 131, 132, 133, 134, 148, 151, 152, 153, 154, 163, 164, 165, 166, 167, 181, 182, 188, 189, 190, 191, 192, 193, 194, 197, 198, 199, 200, 201, 202, 203, 204, 205, 206, 207, 208, 209, 218, 219, 220, 221, 248, 249, 252, 253, 254, 267, 282, 283, 311, 319, 320, 322, 323], "excluded_lines": [], "functions": {"PreflightChecker.__init__": {"executed_lines": [50, 51, 52, 53, 54, 55, 56, 57, 58, 59], "summary": {"covered_lines": 10, "num_statements": 10, "percent_covered": 100.0, "percent_covered_display": "100", "missing_lines": 0, "excluded_lines": 0, "percent_statements_covered": 100.0, "percent_statements_covered_display": "100"}, "missing_lines": [], "excluded_lines": [], "start_line": 38}, "PreflightChecker.run": {"executed_lines": [62, 64, 65, 66, 67, 77, 78, 84, 85, 90], "summary": {"covered_lines": 10, "num_statements": 24, "percent_covered": 41.666666666666664, "percent_covered_display": "42", "missing_lines": 14, "excluded_lines": 0, "percent_statements_covered": 41.666666666666664, "percent_statements_covered_display": "42"}, "missing_lines": [68, 69, 70, 71, 72, 73, 75, 79, 80, 81, 82, 86, 87, 88], "excluded_lines": [], "start_line": 61}, "PreflightChecker.build_blockers": {"executed_lines": [], "summary": {"covered_lines": 0, "num_statements": 7, "percent_covered": 0.0, "percent_covered_display": "0", "missing_lines": 7, "excluded_lines": 0, "percent_statements_covered": 0.0, "percent_statements_covered_display": "0"}, "missing_lines": [93, 94, 95, 96, 97, 98, 101], "excluded_lines": [], "start_line": 92}, "PreflightChecker.copy_to_folders": {"executed_lines": [], "summary": {"covered_lines": 0, "num_statements": 20, "percent_covered": 0.0, "percent_covered_display": "0", "missing_lines": 20, "excluded_lines": 0, "percent_statements_covered": 0.0, "percent_statements_covered_display": "0"}, "missing_lines": [104, 105, 106, 107, 108, 109, 110, 111, 112, 114, 115, 116, 117, 118, 119, 120, 121, 122, 123, 124], "excluded_lines": [], "start_line": 103}, "PreflightChecker._check_vendors": {"executed_lines": [129, 130, 136, 137, 138, 144, 145, 146, 147, 156, 157, 159, 160, 161, 162], "summary": {"covered_lines": 15, "num_statements": 29, "percent_covered": 51.724137931034484, "percent_covered_display": "52", "missing_lines": 14, "excluded_lines": 0, "percent_statements_covered": 51.724137931034484, "percent_statements_covered_display": "52"}, "missing_lines": [131, 132, 133, 134, 148, 151, 152, 153, 154, 163, 164, 165, 166, 167], "excluded_lines": [], "start_line": 128}, "PreflightChecker._find_vendor": {"executed_lines": [170, 171, 172, 173, 174, 175, 177, 178, 180, 196, 211, 212, 213, 214, 215, 216], "summary": {"covered_lines": 16, "num_statements": 42, "percent_covered": 38.095238095238095, "percent_covered_display": "38", "missing_lines": 26, "excluded_lines": 0, "percent_statements_covered": 38.095238095238095, "percent_statements_covered_display": "38"}, "missing_lines": [181, 182, 188, 189, 190, 191, 192, 193, 194, 197, 198, 199, 200, 201, 202, 203, 204, 205, 206, 207, 208, 209, 218, 219, 220, 221], "excluded_lines": [], "start_line": 169}, "PreflightChecker._check_bank_statement": {"executed_lines": [224, 225, 232, 233, 234, 235, 237, 238, 239, 244, 247, 255, 256, 257, 259, 260, 264, 265, 268, 269], "summary": {"covered_lines": 20, "num_statements": 26, "percent_covered": 76.92307692307692, "percent_covered_display": "77", "missing_lines": 6, "excluded_lines": 0, "percent_statements_covered": 76.92307692307692, "percent_statements_covered_display": "77"}, "missing_lines": [248, 249, 252, 253, 254, 267], "excluded_lines": [], "start_line": 223}, "PreflightChecker._check_reports": {"executed_lines": [274, 275, 278, 279, 280, 281, 284, 285, 290, 291, 292, 295, 296, 297, 300, 301, 302, 303, 304, 305], "summary": {"covered_lines": 20, "num_statements": 22, "percent_covered": 90.9090909090909, "percent_covered_display": "91", "missing_lines": 2, "excluded_lines": 0, "percent_statements_covered": 90.9090909090909, "percent_statements_covered_display": "91"}, "missing_lines": [282, 283], "excluded_lines": [], "start_line": 273}, "pko_matches_month": {"executed_lines": [309, 310, 312, 313, 314, 315, 316, 317, 321], "summary": {"covered_lines": 9, "num_statements": 14, "percent_covered": 64.28571428571429, "percent_covered_display": "64", "missing_lines": 5, "excluded_lines": 0, "percent_statements_covered": 64.28571428571429, "percent_statements_covered_display": "64"}, "missing_lines": [311, 319, 320, 322, 323], "excluded_lines": [], "start_line": 308}, "": {"executed_lines": [8, 10, 11, 12, 13, 14, 15, 17, 23, 25, 28, 29, 30, 31, 32, 33, 34, 37, 38, 61, 92, 103, 128, 169, 223, 273, 308], "summary": {"covered_lines": 27, "num_statements": 27, "percent_covered": 100.0, "percent_covered_display": "100", "missing_lines": 0, "excluded_lines": 0, "percent_statements_covered": 100.0, "percent_statements_covered_display": "100"}, "missing_lines": [], "excluded_lines": [], "start_line": 1}}, "classes": {"PreflightResult": {"executed_lines": [], "summary": {"covered_lines": 0, "num_statements": 0, "percent_covered": 100.0, "percent_covered_display": "100", "missing_lines": 0, "excluded_lines": 0, "percent_statements_covered": 100.0, "percent_statements_covered_display": "100"}, "missing_lines": [], "excluded_lines": [], "start_line": 29}, "PreflightChecker": {"executed_lines": [50, 51, 52, 53, 54, 55, 56, 57, 58, 59, 62, 64, 65, 66, 67, 77, 78, 84, 85, 90, 129, 130, 136, 137, 138, 144, 145, 146, 147, 156, 157, 159, 160, 161, 162, 170, 171, 172, 173, 174, 175, 177, 178, 180, 196, 211, 212, 213, 214, 215, 216, 224, 225, 232, 233, 234, 235, 237, 238, 239, 244, 247, 255, 256, 257, 259, 260, 264, 265, 268, 269, 274, 275, 278, 279, 280, 281, 284, 285, 290, 291, 292, 295, 296, 297, 300, 301, 302, 303, 304, 305], "summary": {"covered_lines": 91, "num_statements": 180, "percent_covered": 50.55555555555556, "percent_covered_display": "51", "missing_lines": 89, "excluded_lines": 0, "percent_statements_covered": 50.55555555555556, "percent_statements_covered_display": "51"}, "missing_lines": [68, 69, 70, 71, 72, 73, 75, 79, 80, 81, 82, 86, 87, 88, 93, 94, 95, 96, 97, 98, 101, 104, 105, 106, 107, 108, 109, 110, 111, 112, 114, 115, 116, 117, 118, 119, 120, 121, 122, 123, 124, 131, 132, 133, 134, 148, 151, 152, 153, 154, 163, 164, 165, 166, 167, 181, 182, 188, 189, 190, 191, 192, 193, 194, 197, 198, 199, 200, 201, 202, 203, 204, 205, 206, 207, 208, 209, 218, 219, 220, 221, 248, 249, 252, 253, 254, 267, 282, 283], "excluded_lines": [], "start_line": 37}, "": {"executed_lines": [8, 10, 11, 12, 13, 14, 15, 17, 23, 25, 28, 29, 30, 31, 32, 33, 34, 37, 38, 61, 92, 103, 128, 169, 223, 273, 308, 309, 310, 312, 313, 314, 315, 316, 317, 321], "summary": {"covered_lines": 36, "num_statements": 41, "percent_covered": 87.8048780487805, "percent_covered_display": "88", "missing_lines": 5, "excluded_lines": 0, "percent_statements_covered": 87.8048780487805, "percent_statements_covered_display": "88"}, "missing_lines": [311, 319, 320, 322, 323], "excluded_lines": [], "start_line": 1}}}, "zdrovena/month_closing/state.py": {"executed_lines": [8, 10, 11, 12, 13, 15, 17, 20, 21, 22, 23, 25, 26, 28, 29, 30, 31, 32, 33, 35, 36, 37, 38, 39, 41, 42, 43, 45, 46, 47, 48, 49, 50, 51, 53, 54, 55], "summary": {"covered_lines": 37, "num_statements": 37, "percent_covered": 100.0, "percent_covered_display": "100", "missing_lines": 0, "excluded_lines": 0, "percent_statements_covered": 100.0, "percent_statements_covered_display": "100"}, "missing_lines": [], "excluded_lines": [], "functions": {"PipelineState.__init__": {"executed_lines": [22, 23], "summary": {"covered_lines": 2, "num_statements": 2, "percent_covered": 100.0, "percent_covered_display": "100", "missing_lines": 0, "excluded_lines": 0, "percent_statements_covered": 100.0, "percent_statements_covered_display": "100"}, "missing_lines": [], "excluded_lines": [], "start_line": 21}, "PipelineState.is_done": {"executed_lines": [26], "summary": {"covered_lines": 1, "num_statements": 1, "percent_covered": 100.0, "percent_covered_display": "100", "missing_lines": 0, "excluded_lines": 0, "percent_statements_covered": 100.0, "percent_statements_covered_display": "100"}, "missing_lines": [], "excluded_lines": [], "start_line": 25}, "PipelineState.mark_done": {"executed_lines": [29, 30, 31, 32, 33], "summary": {"covered_lines": 5, "num_statements": 5, "percent_covered": 100.0, "percent_covered_display": "100", "missing_lines": 0, "excluded_lines": 0, "percent_statements_covered": 100.0, "percent_statements_covered_display": "100"}, "missing_lines": [], "excluded_lines": [], "start_line": 28}, "PipelineState.reset": {"executed_lines": [36, 37, 38, 39], "summary": {"covered_lines": 4, "num_statements": 4, "percent_covered": 100.0, "percent_covered_display": "100", "missing_lines": 0, "excluded_lines": 0, "percent_statements_covered": 100.0, "percent_statements_covered_display": "100"}, "missing_lines": [], "excluded_lines": [], "start_line": 35}, "PipelineState.completed_steps": {"executed_lines": [43], "summary": {"covered_lines": 1, "num_statements": 1, "percent_covered": 100.0, "percent_covered_display": "100", "missing_lines": 0, "excluded_lines": 0, "percent_statements_covered": 100.0, "percent_statements_covered_display": "100"}, "missing_lines": [], "excluded_lines": [], "start_line": 42}, "PipelineState._load": {"executed_lines": [46, 47, 48, 49, 50, 51], "summary": {"covered_lines": 6, "num_statements": 6, "percent_covered": 100.0, "percent_covered_display": "100", "missing_lines": 0, "excluded_lines": 0, "percent_statements_covered": 100.0, "percent_statements_covered_display": "100"}, "missing_lines": [], "excluded_lines": [], "start_line": 45}, "PipelineState._save": {"executed_lines": [54, 55], "summary": {"covered_lines": 2, "num_statements": 2, "percent_covered": 100.0, "percent_covered_display": "100", "missing_lines": 0, "excluded_lines": 0, "percent_statements_covered": 100.0, "percent_statements_covered_display": "100"}, "missing_lines": [], "excluded_lines": [], "start_line": 53}, "": {"executed_lines": [8, 10, 11, 12, 13, 15, 17, 20, 21, 25, 28, 35, 41, 42, 45, 53], "summary": {"covered_lines": 16, "num_statements": 16, "percent_covered": 100.0, "percent_covered_display": "100", "missing_lines": 0, "excluded_lines": 0, "percent_statements_covered": 100.0, "percent_statements_covered_display": "100"}, "missing_lines": [], "excluded_lines": [], "start_line": 1}}, "classes": {"PipelineState": {"executed_lines": [22, 23, 26, 29, 30, 31, 32, 33, 36, 37, 38, 39, 43, 46, 47, 48, 49, 50, 51, 54, 55], "summary": {"covered_lines": 21, "num_statements": 21, "percent_covered": 100.0, "percent_covered_display": "100", "missing_lines": 0, "excluded_lines": 0, "percent_statements_covered": 100.0, "percent_statements_covered_display": "100"}, "missing_lines": [], "excluded_lines": [], "start_line": 20}, "": {"executed_lines": [8, 10, 11, 12, 13, 15, 17, 20, 21, 25, 28, 35, 41, 42, 45, 53], "summary": {"covered_lines": 16, "num_statements": 16, "percent_covered": 100.0, "percent_covered_display": "100", "missing_lines": 0, "excluded_lines": 0, "percent_statements_covered": 100.0, "percent_statements_covered_display": "100"}, "missing_lines": [], "excluded_lines": [], "start_line": 1}}}, "zdrovena/month_closing/zip_service.py": {"executed_lines": [7, 9, 10, 11, 13, 16, 17, 18, 20, 21, 23, 24, 26, 27, 28, 29, 30, 31, 32, 33, 34, 36, 37, 38], "summary": {"covered_lines": 24, "num_statements": 24, "percent_covered": 100.0, "percent_covered_display": "100", "missing_lines": 0, "excluded_lines": 0, "percent_statements_covered": 100.0, "percent_statements_covered_display": "100"}, "missing_lines": [], "excluded_lines": [], "functions": {"create_month_archive": {"executed_lines": [17, 18, 20, 21, 23, 24, 26, 27, 28, 29, 30, 31, 32, 33, 34, 36, 37, 38], "summary": {"covered_lines": 18, "num_statements": 18, "percent_covered": 100.0, "percent_covered_display": "100", "missing_lines": 0, "excluded_lines": 0, "percent_statements_covered": 100.0, "percent_statements_covered_display": "100"}, "missing_lines": [], "excluded_lines": [], "start_line": 16}, "": {"executed_lines": [7, 9, 10, 11, 13, 16], "summary": {"covered_lines": 6, "num_statements": 6, "percent_covered": 100.0, "percent_covered_display": "100", "missing_lines": 0, "excluded_lines": 0, "percent_statements_covered": 100.0, "percent_statements_covered_display": "100"}, "missing_lines": [], "excluded_lines": [], "start_line": 1}}, "classes": {"": {"executed_lines": [7, 9, 10, 11, 13, 16, 17, 18, 20, 21, 23, 24, 26, 27, 28, 29, 30, 31, 32, 33, 34, 36, 37, 38], "summary": {"covered_lines": 24, "num_statements": 24, "percent_covered": 100.0, "percent_covered_display": "100", "missing_lines": 0, "excluded_lines": 0, "percent_statements_covered": 100.0, "percent_statements_covered_display": "100"}, "missing_lines": [], "excluded_lines": [], "start_line": 1}}}}, "totals": {"covered_lines": 1708, "num_statements": 2861, "percent_covered": 59.69940580216707, "percent_covered_display": "60", "missing_lines": 1153, "excluded_lines": 2, "percent_statements_covered": 59.69940580216707, "percent_statements_covered_display": "60"}}